#
# There is insufficient memory for the Java Runtime Environment to continue.
# Native memory allocation (malloc) failed to allocate 967456 bytes. Error detail: Chunk::new
# Possible reasons:
#   The system is out of physical RAM or swap space
#   This process is running with CompressedOops enabled, and the Java Heap may be blocking the growth of the native heap
# Possible solutions:
#   Reduce memory load on the system
#   Increase physical memory or swap space
#   Check if swap backing store is full
#   Decrease Java heap size (-Xmx/-Xms)
#   Decrease number of Java threads
#   Decrease Java thread stack sizes (-Xss)
#   Set larger code cache with -XX:ReservedCodeCacheSize=
#   JVM is running with Unscaled Compressed Oops mode in which the Java heap is
#     placed in the first 4GB address space. The Java Heap base address is the
#     maximum limit for the native heap growth. Please use -XX:HeapBaseMinAddress
#     to set the Java Heap base and to place the Java Heap above 4GB virtual address.
# This output file may be truncated or incomplete.
#
#  Out of Memory Error (arena.cpp:168), pid=5536, tid=12008
#
# JRE version: OpenJDK Runtime Environment (21.0.6) (build 21.0.6+-13368085-b895.109)
# Java VM: OpenJDK 64-Bit Server VM (21.0.6+-13368085-b895.109, mixed mode, tiered, compressed oops, compressed class ptrs, g1 gc, windows-amd64)
# No core dump will be written. Minidumps are not enabled by default on client versions of Windows
#

---------------  S U M M A R Y ------------

Command Line: --add-opens=java.base/java.lang=ALL-UNNAMED --add-opens=java.base/java.lang.invoke=ALL-UNNAMED --add-opens=java.base/java.util=ALL-UNNAMED --add-opens=java.prefs/java.util.prefs=ALL-UNNAMED --add-exports=jdk.compiler/com.sun.tools.javac.api=ALL-UNNAMED --add-exports=jdk.compiler/com.sun.tools.javac.util=ALL-UNNAMED --add-opens=java.base/java.util=ALL-UNNAMED --add-opens=java.prefs/java.util.prefs=ALL-UNNAMED --add-opens=java.base/java.nio.charset=ALL-UNNAMED --add-opens=java.base/java.net=ALL-UNNAMED --add-opens=java.base/java.util.concurrent.atomic=ALL-UNNAMED --add-opens=java.xml/javax.xml.namespace=ALL-UNNAMED -Xmx2048m -Dfile.encoding=UTF-8 -Duser.country=ID -Duser.language=id -Duser.variant -javaagent:C:\Users\Fathan\.gradle\wrapper\dists\gradle-8.11.1-bin\bpt9gzteqjrbo1mjrsomdt32c\gradle-8.11.1\lib\agents\gradle-instrumentation-agent-8.11.1.jar org.gradle.launcher.daemon.bootstrap.GradleDaemon 8.11.1

Host: AMD Ryzen 5 7535HS with Radeon Graphics        , 12 cores, 13G,  Windows 11 , 64 bit Build 26100 (10.0.26100.6725)
Time: Thu Nov 13 15:57:57 2025 SE Asia Standard Time elapsed time: 6.755058 seconds (0d 0h 0m 6s)

---------------  T H R E A D  ---------------

Current thread (0x000001c5f42fc8b0):  JavaThread "C2 CompilerThread1" daemon [_thread_in_native, id=12008, stack(0x0000002209700000,0x0000002209800000) (1024K)]


Current CompileTask:
C2:6755 6046   !   4       java.net.URLClassLoader::findClass (47 bytes)

Stack: [0x0000002209700000,0x0000002209800000]
Native frames: (J=compiled Java code, j=interpreted, Vv=VM code, C=native code)
V  [jvm.dll+0x6d0639]
V  [jvm.dll+0x85eb03]
V  [jvm.dll+0x86105e]
V  [jvm.dll+0x861743]
V  [jvm.dll+0x27e6e6]
V  [jvm.dll+0xbff6d]
V  [jvm.dll+0xc04a3]
V  [jvm.dll+0x2f2780]
V  [jvm.dll+0x5fa409]
V  [jvm.dll+0x250d92]
V  [jvm.dll+0x25114f]
V  [jvm.dll+0x2498f5]
V  [jvm.dll+0x24714e]
V  [jvm.dll+0x1c5f04]
V  [jvm.dll+0x2569ac]
V  [jvm.dll+0x254ef6]
V  [jvm.dll+0x3f0e96]
V  [jvm.dll+0x806ed8]
V  [jvm.dll+0x6cef0d]
C  [ucrtbase.dll+0x37b0]
C  [KERNEL32.DLL+0x2e8d7]
C  [ntdll.dll+0x8c53c]


---------------  P R O C E S S  ---------------

Threads class SMR info:
_java_thread_list=0x000001c5f80eb940, length=66, elements={
0x000001c5d5757780, 0x000001c5edc79370, 0x000001c5edc799d0, 0x000001c5edc7c520,
0x000001c5edc7d190, 0x000001c5edca7580, 0x000001c5edcb0130, 0x000001c5edcc0c00,
0x000001c5edcc13d0, 0x000001c5edcd4a80, 0x000001c5f20576f0, 0x000001c5f3967ba0,
0x000001c5f3885700, 0x000001c5f3c65e30, 0x000001c5f3a5f5d0, 0x000001c5f3a6c270,
0x000001c5f3a9bf20, 0x000001c5f3a77f40, 0x000001c5f3a79f90, 0x000001c5f3acc210,
0x000001c5f3ace970, 0x000001c5f3acbb80, 0x000001c5f3acd5c0, 0x000001c5f3acc8a0,
0x000001c5f3accf30, 0x000001c5f3acb4f0, 0x000001c5f3acdc50, 0x000001c5f3ace2e0,
0x000001c5f65effc0, 0x000001c5f65ed860, 0x000001c5f65edef0, 0x000001c5f65eec10,
0x000001c5f65ed1d0, 0x000001c5f65ef930, 0x000001c5f65f0ce0, 0x000001c5f65f0650,
0x000001c5f65f1370, 0x000001c5f65f1a00, 0x000001c5f65ee580, 0x000001c5f65f2090,
0x000001c5f65f2720, 0x000001c5f65ef2a0, 0x000001c5f65f3440, 0x000001c5f65f3ad0,
0x000001c5f59e3740, 0x000001c5f59e5180, 0x000001c5f59e5810, 0x000001c5f59e6530,
0x000001c5f59e5ea0, 0x000001c5f59e3dd0, 0x000001c5f8614ed0, 0x000001c5f8615560,
0x000001c5f8612e00, 0x000001c5f8614840, 0x000001c5f8613b20, 0x000001c5f86120e0,
0x000001c5f8613490, 0x000001c5f8615bf0, 0x000001c5f86141b0, 0x000001c5f8612770,
0x000001c5f8617630, 0x000001c5f8618350, 0x000001c5f8617cc0, 0x000001c5f86189e0,
0x000001c5f8619070, 0x000001c5f42fc8b0
}

Java Threads: ( => current thread )
  0x000001c5d5757780 JavaThread "main"                              [_thread_blocked, id=12564, stack(0x0000002204400000,0x0000002204500000) (1024K)]
  0x000001c5edc79370 JavaThread "Reference Handler"          daemon [_thread_blocked, id=22260, stack(0x0000002204c00000,0x0000002204d00000) (1024K)]
  0x000001c5edc799d0 JavaThread "Finalizer"                  daemon [_thread_blocked, id=12132, stack(0x0000002204d00000,0x0000002204e00000) (1024K)]
  0x000001c5edc7c520 JavaThread "Signal Dispatcher"          daemon [_thread_blocked, id=20944, stack(0x0000002204e00000,0x0000002204f00000) (1024K)]
  0x000001c5edc7d190 JavaThread "Attach Listener"            daemon [_thread_blocked, id=19096, stack(0x0000002204f00000,0x0000002205000000) (1024K)]
  0x000001c5edca7580 JavaThread "Service Thread"             daemon [_thread_blocked, id=5636, stack(0x0000002205000000,0x0000002205100000) (1024K)]
  0x000001c5edcb0130 JavaThread "Monitor Deflation Thread"   daemon [_thread_blocked, id=9388, stack(0x0000002205100000,0x0000002205200000) (1024K)]
  0x000001c5edcc0c00 JavaThread "C2 CompilerThread0"         daemon [_thread_in_native, id=23212, stack(0x0000002205200000,0x0000002205300000) (1024K)]
  0x000001c5edcc13d0 JavaThread "C1 CompilerThread0"         daemon [_thread_blocked, id=22516, stack(0x0000002205300000,0x0000002205400000) (1024K)]
  0x000001c5edcd4a80 JavaThread "Common-Cleaner"             daemon [_thread_blocked, id=6728, stack(0x0000002205400000,0x0000002205500000) (1024K)]
  0x000001c5f20576f0 JavaThread "Notification Thread"        daemon [_thread_blocked, id=17924, stack(0x0000002205500000,0x0000002205600000) (1024K)]
  0x000001c5f3967ba0 JavaThread "Daemon health stats"               [_thread_blocked, id=4216, stack(0x0000002205d00000,0x0000002205e00000) (1024K)]
  0x000001c5f3885700 JavaThread "Incoming local TCP Connector on port 57778"        [_thread_in_native, id=20800, stack(0x0000002205e00000,0x0000002205f00000) (1024K)]
  0x000001c5f3c65e30 JavaThread "Daemon periodic checks"            [_thread_blocked, id=5320, stack(0x0000002205f00000,0x0000002206000000) (1024K)]
  0x000001c5f3a5f5d0 JavaThread "Daemon"                            [_thread_blocked, id=19432, stack(0x0000002206000000,0x0000002206100000) (1024K)]
  0x000001c5f3a6c270 JavaThread "Handler for socket connection from /127.0.0.1:57778 to /127.0.0.1:57779"        [_thread_in_native, id=12928, stack(0x0000002206100000,0x0000002206200000) (1024K)]
  0x000001c5f3a9bf20 JavaThread "Cancel handler"                    [_thread_blocked, id=10440, stack(0x0000002206200000,0x0000002206300000) (1024K)]
  0x000001c5f3a77f40 JavaThread "Daemon worker"                     [_thread_in_native, id=20204, stack(0x0000002206300000,0x0000002206400000) (1024K)]
  0x000001c5f3a79f90 JavaThread "Asynchronous log dispatcher for DefaultDaemonConnection: socket connection from /127.0.0.1:57778 to /127.0.0.1:57779"        [_thread_blocked, id=9012, stack(0x0000002206400000,0x0000002206500000) (1024K)]
  0x000001c5f3acc210 JavaThread "Stdin handler"                     [_thread_blocked, id=14760, stack(0x0000002206500000,0x0000002206600000) (1024K)]
  0x000001c5f3ace970 JavaThread "Daemon client event forwarder"        [_thread_blocked, id=22456, stack(0x0000002206600000,0x0000002206700000) (1024K)]
  0x000001c5f3acbb80 JavaThread "Cache worker for journal cache (C:\Users\Fathan\.gradle\caches\journal-1)"        [_thread_blocked, id=11960, stack(0x0000002206c00000,0x0000002206d00000) (1024K)]
  0x000001c5f3acd5c0 JavaThread "File lock request listener"        [_thread_in_native, id=7348, stack(0x0000002206d00000,0x0000002206e00000) (1024K)]
  0x000001c5f3acc8a0 JavaThread "Cache worker for file hash cache (C:\Users\Fathan\.gradle\caches\8.11.1\fileHashes)"        [_thread_blocked, id=15808, stack(0x0000002206e00000,0x0000002206f00000) (1024K)]
  0x000001c5f3accf30 JavaThread "Cache worker for file content cache (C:\Users\Fathan\.gradle\caches\8.11.1\fileContent)"        [_thread_blocked, id=21076, stack(0x0000002207000000,0x0000002207100000) (1024K)]
  0x000001c5f3acb4f0 JavaThread "Cache worker for file hash cache (C:\Users\Fathan\AndroidStudioProjects\NOtedOUT\.gradle\8.11.1\fileHashes)"        [_thread_blocked, id=16316, stack(0x0000002207100000,0x0000002207200000) (1024K)]
  0x000001c5f3acdc50 JavaThread "Cache worker for Build Output Cleanup Cache (C:\Users\Fathan\AndroidStudioProjects\NOtedOUT\.gradle\buildOutputCleanup)"        [_thread_blocked, id=15512, stack(0x0000002207200000,0x0000002207300000) (1024K)]
  0x000001c5f3ace2e0 JavaThread "File watcher server"        daemon [_thread_in_native, id=1936, stack(0x0000002207300000,0x0000002207400000) (1024K)]
  0x000001c5f65effc0 JavaThread "File watcher consumer"      daemon [_thread_blocked, id=13268, stack(0x0000002207400000,0x0000002207500000) (1024K)]
  0x000001c5f65ed860 JavaThread "jar transforms"                    [_thread_blocked, id=9544, stack(0x0000002207500000,0x0000002207600000) (1024K)]
  0x000001c5f65edef0 JavaThread "jar transforms Thread 2"           [_thread_blocked, id=20656, stack(0x0000002207600000,0x0000002207700000) (1024K)]
  0x000001c5f65eec10 JavaThread "jar transforms Thread 3"           [_thread_blocked, id=8416, stack(0x0000002207700000,0x0000002207800000) (1024K)]
  0x000001c5f65ed1d0 JavaThread "jar transforms Thread 4"           [_thread_blocked, id=1380, stack(0x0000002207800000,0x0000002207900000) (1024K)]
  0x000001c5f65ef930 JavaThread "jar transforms Thread 5"           [_thread_blocked, id=21276, stack(0x0000002207900000,0x0000002207a00000) (1024K)]
  0x000001c5f65f0ce0 JavaThread "jar transforms Thread 6"           [_thread_blocked, id=6768, stack(0x0000002207a00000,0x0000002207b00000) (1024K)]
  0x000001c5f65f0650 JavaThread "jar transforms Thread 7"           [_thread_blocked, id=6708, stack(0x0000002207b00000,0x0000002207c00000) (1024K)]
  0x000001c5f65f1370 JavaThread "jar transforms Thread 8"           [_thread_blocked, id=20016, stack(0x0000002207c00000,0x0000002207d00000) (1024K)]
  0x000001c5f65f1a00 JavaThread "jar transforms Thread 9"           [_thread_blocked, id=9208, stack(0x0000002207d00000,0x0000002207e00000) (1024K)]
  0x000001c5f65ee580 JavaThread "jar transforms Thread 10"          [_thread_blocked, id=9232, stack(0x0000002207e00000,0x0000002207f00000) (1024K)]
  0x000001c5f65f2090 JavaThread "jar transforms Thread 11"          [_thread_blocked, id=9684, stack(0x0000002207f00000,0x0000002208000000) (1024K)]
  0x000001c5f65f2720 JavaThread "jar transforms Thread 12"          [_thread_blocked, id=22180, stack(0x0000002208000000,0x0000002208100000) (1024K)]
  0x000001c5f65ef2a0 JavaThread "Cache worker for checksums cache (C:\Users\Fathan\AndroidStudioProjects\NOtedOUT\.gradle\8.11.1\checksums)"        [_thread_blocked, id=2988, stack(0x0000002208100000,0x0000002208200000) (1024K)]
  0x000001c5f65f3440 JavaThread "Cache worker for cache directory md-rule (C:\Users\Fathan\.gradle\caches\8.11.1\md-rule)"        [_thread_blocked, id=11660, stack(0x0000002208200000,0x0000002208300000) (1024K)]
  0x000001c5f65f3ad0 JavaThread "Cache worker for cache directory md-supplier (C:\Users\Fathan\.gradle\caches\8.11.1\md-supplier)"        [_thread_blocked, id=22360, stack(0x0000002208300000,0x0000002208400000) (1024K)]
  0x000001c5f59e3740 JavaThread "Unconstrained build operations"        [_thread_blocked, id=6004, stack(0x0000002208400000,0x0000002208500000) (1024K)]
  0x000001c5f59e5180 JavaThread "Unconstrained build operations Thread 2"        [_thread_blocked, id=15128, stack(0x0000002208500000,0x0000002208600000) (1024K)]
  0x000001c5f59e5810 JavaThread "Unconstrained build operations Thread 3"        [_thread_blocked, id=22364, stack(0x0000002208600000,0x0000002208700000) (1024K)]
  0x000001c5f59e6530 JavaThread "Unconstrained build operations Thread 4"        [_thread_blocked, id=6820, stack(0x0000002208700000,0x0000002208800000) (1024K)]
  0x000001c5f59e5ea0 JavaThread "Unconstrained build operations Thread 5"        [_thread_blocked, id=18472, stack(0x0000002205600000,0x0000002205700000) (1024K)]
  0x000001c5f59e3dd0 JavaThread "Unconstrained build operations Thread 6"        [_thread_blocked, id=12968, stack(0x0000002206f00000,0x0000002207000000) (1024K)]
  0x000001c5f8614ed0 JavaThread "Unconstrained build operations Thread 7"        [_thread_blocked, id=2284, stack(0x0000002208800000,0x0000002208900000) (1024K)]
  0x000001c5f8615560 JavaThread "Unconstrained build operations Thread 8"        [_thread_blocked, id=10128, stack(0x0000002208900000,0x0000002208a00000) (1024K)]
  0x000001c5f8612e00 JavaThread "Unconstrained build operations Thread 9"        [_thread_blocked, id=18640, stack(0x0000002208a00000,0x0000002208b00000) (1024K)]
  0x000001c5f8614840 JavaThread "Unconstrained build operations Thread 10"        [_thread_blocked, id=8772, stack(0x0000002208b00000,0x0000002208c00000) (1024K)]
  0x000001c5f8613b20 JavaThread "Unconstrained build operations Thread 11"        [_thread_blocked, id=17888, stack(0x0000002208c00000,0x0000002208d00000) (1024K)]
  0x000001c5f86120e0 JavaThread "Unconstrained build operations Thread 12"        [_thread_blocked, id=21872, stack(0x0000002208d00000,0x0000002208e00000) (1024K)]
  0x000001c5f8613490 JavaThread "Unconstrained build operations Thread 13"        [_thread_blocked, id=10100, stack(0x0000002208e00000,0x0000002208f00000) (1024K)]
  0x000001c5f8615bf0 JavaThread "Unconstrained build operations Thread 14"        [_thread_blocked, id=11500, stack(0x0000002208f00000,0x0000002209000000) (1024K)]
  0x000001c5f86141b0 JavaThread "Unconstrained build operations Thread 15"        [_thread_blocked, id=10424, stack(0x0000002209000000,0x0000002209100000) (1024K)]
  0x000001c5f8612770 JavaThread "Unconstrained build operations Thread 16"        [_thread_blocked, id=2800, stack(0x0000002209100000,0x0000002209200000) (1024K)]
  0x000001c5f8617630 JavaThread "Unconstrained build operations Thread 17"        [_thread_blocked, id=12468, stack(0x0000002209200000,0x0000002209300000) (1024K)]
  0x000001c5f8618350 JavaThread "Unconstrained build operations Thread 18"        [_thread_blocked, id=23132, stack(0x0000002209300000,0x0000002209400000) (1024K)]
  0x000001c5f8617cc0 JavaThread "Unconstrained build operations Thread 19"        [_thread_blocked, id=16296, stack(0x0000002209400000,0x0000002209500000) (1024K)]
  0x000001c5f86189e0 JavaThread "Unconstrained build operations Thread 20"        [_thread_blocked, id=19804, stack(0x0000002209500000,0x0000002209600000) (1024K)]
  0x000001c5f8619070 JavaThread "Unconstrained build operations Thread 21"        [_thread_blocked, id=13560, stack(0x0000002209600000,0x0000002209700000) (1024K)]
=>0x000001c5f42fc8b0 JavaThread "C2 CompilerThread1"         daemon [_thread_in_native, id=12008, stack(0x0000002209700000,0x0000002209800000) (1024K)]
Total: 66

Other Threads:
  0x000001c5edbed020 VMThread "VM Thread"                           [id=20616, stack(0x0000002204b00000,0x0000002204c00000) (1024K)]
  0x000001c5eda62980 WatcherThread "VM Periodic Task Thread"        [id=2696, stack(0x0000002204a00000,0x0000002204b00000) (1024K)]
  0x000001c5d57af920 WorkerThread "GC Thread#0"                     [id=20144, stack(0x0000002204500000,0x0000002204600000) (1024K)]
  0x000001c5f249b0d0 WorkerThread "GC Thread#1"                     [id=2252, stack(0x0000002205800000,0x0000002205900000) (1024K)]
  0x000001c5f25d1720 WorkerThread "GC Thread#2"                     [id=21548, stack(0x0000002205900000,0x0000002205a00000) (1024K)]
  0x000001c5f21f6e50 WorkerThread "GC Thread#3"                     [id=21324, stack(0x0000002205a00000,0x0000002205b00000) (1024K)]
  0x000001c5f2299af0 WorkerThread "GC Thread#4"                     [id=10964, stack(0x0000002205b00000,0x0000002205c00000) (1024K)]
  0x000001c5f369ee90 WorkerThread "GC Thread#5"                     [id=20100, stack(0x0000002205700000,0x0000002205800000) (1024K)]
  0x000001c5f369f230 WorkerThread "GC Thread#6"                     [id=23012, stack(0x0000002205c00000,0x0000002205d00000) (1024K)]
  0x000001c5f3bc3430 WorkerThread "GC Thread#7"                     [id=1336, stack(0x0000002206700000,0x0000002206800000) (1024K)]
  0x000001c5f3bc4650 WorkerThread "GC Thread#8"                     [id=21116, stack(0x0000002206800000,0x0000002206900000) (1024K)]
  0x000001c5f3bc37d0 WorkerThread "GC Thread#9"                     [id=16116, stack(0x0000002206900000,0x0000002206a00000) (1024K)]
  0x000001c5d57c0810 ConcurrentGCThread "G1 Main Marker"            [id=13064, stack(0x0000002204600000,0x0000002204700000) (1024K)]
  0x000001c5d57c37c0 WorkerThread "G1 Conc#0"                       [id=21340, stack(0x0000002204700000,0x0000002204800000) (1024K)]
  0x000001c5f3bc3f10 WorkerThread "G1 Conc#1"                       [id=19312, stack(0x0000002206a00000,0x0000002206b00000) (1024K)]
  0x000001c5f3bc3090 WorkerThread "G1 Conc#2"                       [id=2080, stack(0x0000002206b00000,0x0000002206c00000) (1024K)]
  0x000001c5ed935d60 ConcurrentGCThread "G1 Refine#0"               [id=19704, stack(0x0000002204800000,0x0000002204900000) (1024K)]
  0x000001c5ed936190 ConcurrentGCThread "G1 Service"                [id=19888, stack(0x0000002204900000,0x0000002204a00000) (1024K)]
Total: 18

Threads with active compile tasks:
C2 CompilerThread0  6775 6047       4       java.net.URLClassLoader$1::run (5 bytes)
C2 CompilerThread1  6775 6046   !   4       java.net.URLClassLoader::findClass (47 bytes)
Total: 2

VM state: not at safepoint (normal execution)

VM Mutex/Monitor currently owned by a thread: None

Heap address: 0x0000000080000000, size: 2048 MB, Compressed Oops mode: 32-bit

CDS archive(s) not mapped
Compressed class space mapped at: 0x0000000100000000-0x0000000140000000, reserved size: 1073741824
Narrow klass base: 0x0000000000000000, Narrow klass shift: 3, Narrow klass range: 0x140000000

GC Precious Log:
 CardTable entry size: 512
 Card Set container configuration: InlinePtr #cards 5 size 8 Array Of Cards #cards 12 size 40 Howl #buckets 4 coarsen threshold 1843 Howl Bitmap #cards 512 size 80 coarsen threshold 460 Card regions per heap region 1 cards per card region 2048
 CPUs: 12 total, 12 available
 Memory: 14075M
 Large Page Support: Disabled
 NUMA Support: Disabled
 Compressed Oops: Enabled (32-bit)
 Heap Region Size: 1M
 Heap Min Capacity: 8M
 Heap Initial Capacity: 220M
 Heap Max Capacity: 2G
 Pre-touch: Disabled
 Parallel Workers: 10
 Concurrent Workers: 3
 Concurrent Refinement Workers: 10
 Periodic GC: Disabled

Heap:
 garbage-first heap   total 132096K, used 108711K [0x0000000080000000, 0x0000000100000000)
  region size 1024K, 35 young (35840K), 1 survivors (1024K)
 Metaspace       used 64253K, committed 65856K, reserved 1114112K
  class space    used 9004K, committed 9792K, reserved 1048576K

Heap Regions: E=young(eden), S=young(survivor), O=old, HS=humongous(starts), HC=humongous(continues), CS=collection set, F=free, TAMS=top-at-mark-start, PB=parsable bottom
|   0|0x0000000080000000, 0x0000000080100000, 0x0000000080100000|100%| O|  |TAMS 0x0000000080000000| PB 0x0000000080000000| Untracked 
|   1|0x0000000080100000, 0x0000000080200000, 0x0000000080200000|100%|HS|  |TAMS 0x0000000080100000| PB 0x0000000080100000| Complete 
|   2|0x0000000080200000, 0x0000000080300000, 0x0000000080300000|100%|HC|  |TAMS 0x0000000080200000| PB 0x0000000080200000| Complete 
|   3|0x0000000080300000, 0x0000000080400000, 0x0000000080400000|100%|HC|  |TAMS 0x0000000080300000| PB 0x0000000080300000| Complete 
|   4|0x0000000080400000, 0x0000000080500000, 0x0000000080500000|100%| O|  |TAMS 0x0000000080400000| PB 0x0000000080400000| Untracked 
|   5|0x0000000080500000, 0x0000000080600000, 0x0000000080600000|100%| O|  |TAMS 0x0000000080500000| PB 0x0000000080500000| Untracked 
|   6|0x0000000080600000, 0x0000000080700000, 0x0000000080700000|100%| O|  |TAMS 0x0000000080600000| PB 0x0000000080600000| Untracked 
|   7|0x0000000080700000, 0x0000000080800000, 0x0000000080800000|100%|HS|  |TAMS 0x0000000080700000| PB 0x0000000080700000| Complete 
|   8|0x0000000080800000, 0x0000000080900000, 0x0000000080900000|100%| O|  |TAMS 0x0000000080800000| PB 0x0000000080800000| Untracked 
|   9|0x0000000080900000, 0x0000000080a00000, 0x0000000080a00000|100%| O|  |TAMS 0x0000000080900000| PB 0x0000000080900000| Untracked 
|  10|0x0000000080a00000, 0x0000000080b00000, 0x0000000080b00000|100%| O|  |TAMS 0x0000000080a00000| PB 0x0000000080a00000| Untracked 
|  11|0x0000000080b00000, 0x0000000080c00000, 0x0000000080c00000|100%| O|  |TAMS 0x0000000080b00000| PB 0x0000000080b00000| Untracked 
|  12|0x0000000080c00000, 0x0000000080d00000, 0x0000000080d00000|100%| O|  |TAMS 0x0000000080c00000| PB 0x0000000080c00000| Untracked 
|  13|0x0000000080d00000, 0x0000000080e00000, 0x0000000080e00000|100%| O|  |TAMS 0x0000000080d00000| PB 0x0000000080d00000| Untracked 
|  14|0x0000000080e00000, 0x0000000080f00000, 0x0000000080f00000|100%|HS|  |TAMS 0x0000000080e00000| PB 0x0000000080e00000| Complete 
|  15|0x0000000080f00000, 0x0000000081000000, 0x0000000081000000|100%|HC|  |TAMS 0x0000000080f00000| PB 0x0000000080f00000| Complete 
|  16|0x0000000081000000, 0x0000000081100000, 0x0000000081100000|100%|HC|  |TAMS 0x0000000081000000| PB 0x0000000081000000| Complete 
|  17|0x0000000081100000, 0x0000000081200000, 0x0000000081200000|100%|HC|  |TAMS 0x0000000081100000| PB 0x0000000081100000| Complete 
|  18|0x0000000081200000, 0x0000000081300000, 0x0000000081300000|100%|HC|  |TAMS 0x0000000081200000| PB 0x0000000081200000| Complete 
|  19|0x0000000081300000, 0x0000000081400000, 0x0000000081400000|100%|HC|  |TAMS 0x0000000081300000| PB 0x0000000081300000| Complete 
|  20|0x0000000081400000, 0x0000000081500000, 0x0000000081500000|100%| O|  |TAMS 0x0000000081400000| PB 0x0000000081400000| Untracked 
|  21|0x0000000081500000, 0x0000000081600000, 0x0000000081600000|100%| O|  |TAMS 0x0000000081500000| PB 0x0000000081500000| Untracked 
|  22|0x0000000081600000, 0x0000000081700000, 0x0000000081700000|100%| O|  |TAMS 0x0000000081600000| PB 0x0000000081600000| Untracked 
|  23|0x0000000081700000, 0x0000000081800000, 0x0000000081800000|100%| O|  |TAMS 0x0000000081700000| PB 0x0000000081700000| Untracked 
|  24|0x0000000081800000, 0x0000000081900000, 0x0000000081900000|100%| O|  |TAMS 0x0000000081800000| PB 0x0000000081800000| Untracked 
|  25|0x0000000081900000, 0x0000000081a00000, 0x0000000081a00000|100%| O|  |TAMS 0x0000000081900000| PB 0x0000000081900000| Untracked 
|  26|0x0000000081a00000, 0x0000000081b00000, 0x0000000081b00000|100%| O|  |TAMS 0x0000000081a00000| PB 0x0000000081a00000| Untracked 
|  27|0x0000000081b00000, 0x0000000081c00000, 0x0000000081c00000|100%| O|  |TAMS 0x0000000081b00000| PB 0x0000000081b00000| Untracked 
|  28|0x0000000081c00000, 0x0000000081d00000, 0x0000000081d00000|100%|HS|  |TAMS 0x0000000081c00000| PB 0x0000000081c00000| Complete 
|  29|0x0000000081d00000, 0x0000000081e00000, 0x0000000081e00000|100%| O|  |TAMS 0x0000000081d00000| PB 0x0000000081d00000| Untracked 
|  30|0x0000000081e00000, 0x0000000081f00000, 0x0000000081f00000|100%| O|  |TAMS 0x0000000081e00000| PB 0x0000000081e00000| Untracked 
|  31|0x0000000081f00000, 0x0000000082000000, 0x0000000082000000|100%| O|  |TAMS 0x0000000081f00000| PB 0x0000000081f00000| Untracked 
|  32|0x0000000082000000, 0x0000000082100000, 0x0000000082100000|100%| O|  |TAMS 0x0000000082000000| PB 0x0000000082000000| Untracked 
|  33|0x0000000082100000, 0x0000000082200000, 0x0000000082200000|100%| O|  |TAMS 0x0000000082100000| PB 0x0000000082100000| Untracked 
|  34|0x0000000082200000, 0x0000000082300000, 0x0000000082300000|100%| O|  |TAMS 0x0000000082200000| PB 0x0000000082200000| Untracked 
|  35|0x0000000082300000, 0x0000000082400000, 0x0000000082400000|100%|HS|  |TAMS 0x0000000082300000| PB 0x0000000082300000| Complete 
|  36|0x0000000082400000, 0x0000000082500000, 0x0000000082500000|100%|HC|  |TAMS 0x0000000082400000| PB 0x0000000082400000| Complete 
|  37|0x0000000082500000, 0x0000000082600000, 0x0000000082600000|100%|HC|  |TAMS 0x0000000082500000| PB 0x0000000082500000| Complete 
|  38|0x0000000082600000, 0x0000000082700000, 0x0000000082700000|100%|HC|  |TAMS 0x0000000082600000| PB 0x0000000082600000| Complete 
|  39|0x0000000082700000, 0x0000000082800000, 0x0000000082800000|100%|HS|  |TAMS 0x0000000082700000| PB 0x0000000082700000| Complete 
|  40|0x0000000082800000, 0x0000000082900000, 0x0000000082900000|100%|HC|  |TAMS 0x0000000082800000| PB 0x0000000082800000| Complete 
|  41|0x0000000082900000, 0x0000000082a00000, 0x0000000082a00000|100%| O|Cm|TAMS 0x0000000082900000| PB 0x0000000082900000| Complete 
|  42|0x0000000082a00000, 0x0000000082b00000, 0x0000000082b00000|100%| O|  |TAMS 0x0000000082a00000| PB 0x0000000082a00000| Untracked 
|  43|0x0000000082b00000, 0x0000000082c00000, 0x0000000082c00000|100%| O|  |TAMS 0x0000000082b00000| PB 0x0000000082b00000| Untracked 
|  44|0x0000000082c00000, 0x0000000082d00000, 0x0000000082d00000|100%| O|  |TAMS 0x0000000082c00000| PB 0x0000000082c00000| Untracked 
|  45|0x0000000082d00000, 0x0000000082e00000, 0x0000000082e00000|100%|HS|  |TAMS 0x0000000082d00000| PB 0x0000000082d00000| Complete 
|  46|0x0000000082e00000, 0x0000000082f00000, 0x0000000082f00000|100%|HC|  |TAMS 0x0000000082e00000| PB 0x0000000082e00000| Complete 
|  47|0x0000000082f00000, 0x0000000083000000, 0x0000000083000000|100%| O|  |TAMS 0x0000000082f00000| PB 0x0000000082f00000| Untracked 
|  48|0x0000000083000000, 0x0000000083100000, 0x0000000083100000|100%| O|  |TAMS 0x0000000083000000| PB 0x0000000083000000| Untracked 
|  49|0x0000000083100000, 0x0000000083200000, 0x0000000083200000|100%| O|  |TAMS 0x0000000083100000| PB 0x0000000083100000| Untracked 
|  50|0x0000000083200000, 0x0000000083300000, 0x0000000083300000|100%| O|  |TAMS 0x0000000083200000| PB 0x0000000083200000| Untracked 
|  51|0x0000000083300000, 0x0000000083400000, 0x0000000083400000|100%|HS|  |TAMS 0x0000000083300000| PB 0x0000000083300000| Complete 
|  52|0x0000000083400000, 0x0000000083400000, 0x0000000083500000|  0%| F|  |TAMS 0x0000000083400000| PB 0x0000000083400000| Untracked 
|  53|0x0000000083500000, 0x0000000083600000, 0x0000000083600000|100%| O|  |TAMS 0x0000000083500000| PB 0x0000000083500000| Untracked 
|  54|0x0000000083600000, 0x0000000083700000, 0x0000000083700000|100%| O|Cm|TAMS 0x0000000083600000| PB 0x0000000083600000| Complete 
|  55|0x0000000083700000, 0x0000000083800000, 0x0000000083800000|100%|HS|  |TAMS 0x0000000083700000| PB 0x0000000083700000| Complete 
|  56|0x0000000083800000, 0x0000000083900000, 0x0000000083900000|100%|HC|  |TAMS 0x0000000083800000| PB 0x0000000083800000| Complete 
|  57|0x0000000083900000, 0x0000000083a00000, 0x0000000083a00000|100%|HC|  |TAMS 0x0000000083900000| PB 0x0000000083900000| Complete 
|  58|0x0000000083a00000, 0x0000000083b00000, 0x0000000083b00000|100%|HC|  |TAMS 0x0000000083a00000| PB 0x0000000083a00000| Complete 
|  59|0x0000000083b00000, 0x0000000083c00000, 0x0000000083c00000|100%|HC|  |TAMS 0x0000000083b00000| PB 0x0000000083b00000| Complete 
|  60|0x0000000083c00000, 0x0000000083d00000, 0x0000000083d00000|100%|HC|  |TAMS 0x0000000083c00000| PB 0x0000000083c00000| Complete 
|  61|0x0000000083d00000, 0x0000000083e00000, 0x0000000083e00000|100%|HS|  |TAMS 0x0000000083d00000| PB 0x0000000083d00000| Complete 
|  62|0x0000000083e00000, 0x0000000083f00000, 0x0000000083f00000|100%|HC|  |TAMS 0x0000000083e00000| PB 0x0000000083e00000| Complete 
|  63|0x0000000083f00000, 0x0000000084000000, 0x0000000084000000|100%|HC|  |TAMS 0x0000000083f00000| PB 0x0000000083f00000| Complete 
|  64|0x0000000084000000, 0x0000000084100000, 0x0000000084100000|100%|HC|  |TAMS 0x0000000084000000| PB 0x0000000084000000| Complete 
|  65|0x0000000084100000, 0x0000000084200000, 0x0000000084200000|100%|HC|  |TAMS 0x0000000084100000| PB 0x0000000084100000| Complete 
|  66|0x0000000084200000, 0x0000000084300000, 0x0000000084300000|100%|HC|  |TAMS 0x0000000084200000| PB 0x0000000084200000| Complete 
|  67|0x0000000084300000, 0x0000000084400000, 0x0000000084400000|100%| O|  |TAMS 0x0000000084300000| PB 0x0000000084300000| Untracked 
|  68|0x0000000084400000, 0x0000000084500000, 0x0000000084500000|100%| O|  |TAMS 0x0000000084400000| PB 0x0000000084400000| Untracked 
|  69|0x0000000084500000, 0x0000000084600000, 0x0000000084600000|100%| O|  |TAMS 0x0000000084500000| PB 0x0000000084500000| Untracked 
|  70|0x0000000084600000, 0x0000000084642c60, 0x0000000084700000| 26%| O|  |TAMS 0x0000000084600000| PB 0x0000000084600000| Untracked 
|  71|0x0000000084700000, 0x0000000084700000, 0x0000000084800000|  0%| F|  |TAMS 0x0000000084700000| PB 0x0000000084700000| Untracked 
|  72|0x0000000084800000, 0x0000000084800000, 0x0000000084900000|  0%| F|  |TAMS 0x0000000084800000| PB 0x0000000084800000| Untracked 
|  73|0x0000000084900000, 0x0000000084900000, 0x0000000084a00000|  0%| F|  |TAMS 0x0000000084900000| PB 0x0000000084900000| Untracked 
|  74|0x0000000084a00000, 0x0000000084a00000, 0x0000000084b00000|  0%| F|  |TAMS 0x0000000084a00000| PB 0x0000000084a00000| Untracked 
|  75|0x0000000084b00000, 0x0000000084b00000, 0x0000000084c00000|  0%| F|  |TAMS 0x0000000084b00000| PB 0x0000000084b00000| Untracked 
|  76|0x0000000084c00000, 0x0000000084c00000, 0x0000000084d00000|  0%| F|  |TAMS 0x0000000084c00000| PB 0x0000000084c00000| Untracked 
|  77|0x0000000084d00000, 0x0000000084d00000, 0x0000000084e00000|  0%| F|  |TAMS 0x0000000084d00000| PB 0x0000000084d00000| Untracked 
|  78|0x0000000084e00000, 0x0000000084e00000, 0x0000000084f00000|  0%| F|  |TAMS 0x0000000084e00000| PB 0x0000000084e00000| Untracked 
|  79|0x0000000084f00000, 0x0000000084f00000, 0x0000000085000000|  0%| F|  |TAMS 0x0000000084f00000| PB 0x0000000084f00000| Untracked 
|  80|0x0000000085000000, 0x0000000085000000, 0x0000000085100000|  0%| F|  |TAMS 0x0000000085000000| PB 0x0000000085000000| Untracked 
|  81|0x0000000085100000, 0x0000000085100000, 0x0000000085200000|  0%| F|  |TAMS 0x0000000085100000| PB 0x0000000085100000| Untracked 
|  82|0x0000000085200000, 0x0000000085200000, 0x0000000085300000|  0%| F|  |TAMS 0x0000000085200000| PB 0x0000000085200000| Untracked 
|  83|0x0000000085300000, 0x0000000085300000, 0x0000000085400000|  0%| F|  |TAMS 0x0000000085300000| PB 0x0000000085300000| Untracked 
|  84|0x0000000085400000, 0x0000000085400000, 0x0000000085500000|  0%| F|  |TAMS 0x0000000085400000| PB 0x0000000085400000| Untracked 
|  85|0x0000000085500000, 0x0000000085500000, 0x0000000085600000|  0%| F|  |TAMS 0x0000000085500000| PB 0x0000000085500000| Untracked 
|  86|0x0000000085600000, 0x0000000085600000, 0x0000000085700000|  0%| F|  |TAMS 0x0000000085600000| PB 0x0000000085600000| Untracked 
|  87|0x0000000085700000, 0x0000000085700000, 0x0000000085800000|  0%| F|  |TAMS 0x0000000085700000| PB 0x0000000085700000| Untracked 
|  88|0x0000000085800000, 0x0000000085800000, 0x0000000085900000|  0%| F|  |TAMS 0x0000000085800000| PB 0x0000000085800000| Untracked 
|  89|0x0000000085900000, 0x0000000085900000, 0x0000000085a00000|  0%| F|  |TAMS 0x0000000085900000| PB 0x0000000085900000| Untracked 
|  90|0x0000000085a00000, 0x0000000085a00000, 0x0000000085b00000|  0%| F|  |TAMS 0x0000000085a00000| PB 0x0000000085a00000| Untracked 
|  91|0x0000000085b00000, 0x0000000085c00000, 0x0000000085c00000|100%| E|  |TAMS 0x0000000085b00000| PB 0x0000000085b00000| Complete 
|  92|0x0000000085c00000, 0x0000000085d00000, 0x0000000085d00000|100%| E|CS|TAMS 0x0000000085c00000| PB 0x0000000085c00000| Complete 
|  93|0x0000000085d00000, 0x0000000085e00000, 0x0000000085e00000|100%| E|CS|TAMS 0x0000000085d00000| PB 0x0000000085d00000| Complete 
|  94|0x0000000085e00000, 0x0000000085f00000, 0x0000000085f00000|100%| E|CS|TAMS 0x0000000085e00000| PB 0x0000000085e00000| Complete 
|  95|0x0000000085f00000, 0x0000000086000000, 0x0000000086000000|100%| E|CS|TAMS 0x0000000085f00000| PB 0x0000000085f00000| Complete 
|  96|0x0000000086000000, 0x0000000086100000, 0x0000000086100000|100%| E|CS|TAMS 0x0000000086000000| PB 0x0000000086000000| Complete 
|  97|0x0000000086100000, 0x0000000086200000, 0x0000000086200000|100%| E|CS|TAMS 0x0000000086100000| PB 0x0000000086100000| Complete 
|  98|0x0000000086200000, 0x00000000862e7358, 0x0000000086300000| 90%| S|CS|TAMS 0x0000000086200000| PB 0x0000000086200000| Complete 
|  99|0x0000000086300000, 0x0000000086400000, 0x0000000086400000|100%| E|CS|TAMS 0x0000000086300000| PB 0x0000000086300000| Complete 
| 100|0x0000000086400000, 0x0000000086500000, 0x0000000086500000|100%| E|CS|TAMS 0x0000000086400000| PB 0x0000000086400000| Complete 
| 101|0x0000000086500000, 0x0000000086600000, 0x0000000086600000|100%| E|CS|TAMS 0x0000000086500000| PB 0x0000000086500000| Complete 
| 102|0x0000000086600000, 0x0000000086700000, 0x0000000086700000|100%| E|CS|TAMS 0x0000000086600000| PB 0x0000000086600000| Complete 
| 103|0x0000000086700000, 0x0000000086800000, 0x0000000086800000|100%| E|CS|TAMS 0x0000000086700000| PB 0x0000000086700000| Complete 
| 104|0x0000000086800000, 0x0000000086900000, 0x0000000086900000|100%| E|CS|TAMS 0x0000000086800000| PB 0x0000000086800000| Complete 
| 105|0x0000000086900000, 0x0000000086a00000, 0x0000000086a00000|100%| E|CS|TAMS 0x0000000086900000| PB 0x0000000086900000| Complete 
| 106|0x0000000086a00000, 0x0000000086b00000, 0x0000000086b00000|100%| E|CS|TAMS 0x0000000086a00000| PB 0x0000000086a00000| Complete 
| 107|0x0000000086b00000, 0x0000000086c00000, 0x0000000086c00000|100%| E|CS|TAMS 0x0000000086b00000| PB 0x0000000086b00000| Complete 
| 108|0x0000000086c00000, 0x0000000086d00000, 0x0000000086d00000|100%| E|CS|TAMS 0x0000000086c00000| PB 0x0000000086c00000| Complete 
| 109|0x0000000086d00000, 0x0000000086e00000, 0x0000000086e00000|100%| E|CS|TAMS 0x0000000086d00000| PB 0x0000000086d00000| Complete 
| 110|0x0000000086e00000, 0x0000000086f00000, 0x0000000086f00000|100%| E|CS|TAMS 0x0000000086e00000| PB 0x0000000086e00000| Complete 
| 111|0x0000000086f00000, 0x0000000087000000, 0x0000000087000000|100%| E|CS|TAMS 0x0000000086f00000| PB 0x0000000086f00000| Complete 
| 112|0x0000000087000000, 0x0000000087100000, 0x0000000087100000|100%| E|CS|TAMS 0x0000000087000000| PB 0x0000000087000000| Complete 
| 113|0x0000000087100000, 0x0000000087200000, 0x0000000087200000|100%| E|CS|TAMS 0x0000000087100000| PB 0x0000000087100000| Complete 
| 114|0x0000000087200000, 0x0000000087300000, 0x0000000087300000|100%| E|CS|TAMS 0x0000000087200000| PB 0x0000000087200000| Complete 
| 187|0x000000008bb00000, 0x000000008bc00000, 0x000000008bc00000|100%| E|CS|TAMS 0x000000008bb00000| PB 0x000000008bb00000| Complete 
| 188|0x000000008bc00000, 0x000000008bd00000, 0x000000008bd00000|100%| E|CS|TAMS 0x000000008bc00000| PB 0x000000008bc00000| Complete 
| 189|0x000000008bd00000, 0x000000008be00000, 0x000000008be00000|100%| E|CS|TAMS 0x000000008bd00000| PB 0x000000008bd00000| Complete 
| 190|0x000000008be00000, 0x000000008bf00000, 0x000000008bf00000|100%| E|CS|TAMS 0x000000008be00000| PB 0x000000008be00000| Complete 
| 191|0x000000008bf00000, 0x000000008c000000, 0x000000008c000000|100%| E|CS|TAMS 0x000000008bf00000| PB 0x000000008bf00000| Complete 
| 192|0x000000008c000000, 0x000000008c100000, 0x000000008c100000|100%| E|CS|TAMS 0x000000008c000000| PB 0x000000008c000000| Complete 
| 193|0x000000008c100000, 0x000000008c200000, 0x000000008c200000|100%| E|CS|TAMS 0x000000008c100000| PB 0x000000008c100000| Complete 
| 194|0x000000008c200000, 0x000000008c300000, 0x000000008c300000|100%| E|CS|TAMS 0x000000008c200000| PB 0x000000008c200000| Complete 
| 195|0x000000008c300000, 0x000000008c400000, 0x000000008c400000|100%| E|CS|TAMS 0x000000008c300000| PB 0x000000008c300000| Complete 
| 218|0x000000008da00000, 0x000000008db00000, 0x000000008db00000|100%| E|CS|TAMS 0x000000008da00000| PB 0x000000008da00000| Complete 
| 219|0x000000008db00000, 0x000000008dc00000, 0x000000008dc00000|100%| E|CS|TAMS 0x000000008db00000| PB 0x000000008db00000| Complete 
|2045|0x00000000ffd00000, 0x00000000ffe00000, 0x00000000ffe00000|100%| O|  |TAMS 0x00000000ffd00000| PB 0x00000000ffd00000| Untracked 
|2046|0x00000000ffe00000, 0x00000000fff00000, 0x00000000fff00000|100%| O|  |TAMS 0x00000000ffe00000| PB 0x00000000ffe00000| Untracked 
|2047|0x00000000fff00000, 0x0000000100000000, 0x0000000100000000|100%| O|  |TAMS 0x00000000fff00000| PB 0x00000000fff00000| Untracked 

Card table byte_map: [0x000001c5e89d0000,0x000001c5e8dd0000] _byte_map_base: 0x000001c5e85d0000

Marking Bits: (CMBitMap*) 0x000001c5d57aff30
 Bits: [0x000001c5e8dd0000, 0x000001c5eadd0000)

Polling page: 0x000001c5d3d90000

Metaspace:

Usage:
  Non-class:     53.99 MB used.
      Class:      8.80 MB used.
       Both:     62.79 MB used.

Virtual space:
  Non-class space:       64.00 MB reserved,      54.75 MB ( 86%) committed,  1 nodes.
      Class space:        1.00 GB reserved,       9.56 MB ( <1%) committed,  1 nodes.
             Both:        1.06 GB reserved,      64.31 MB (  6%) committed. 

Chunk freelists:
   Non-Class:  8.45 MB
       Class:  6.44 MB
        Both:  14.89 MB

MaxMetaspaceSize: unlimited
CompressedClassSpaceSize: 1.00 GB
Initial GC threshold: 21.00 MB
Current GC threshold: 97.12 MB
CDS: off
 - commit_granule_bytes: 65536.
 - commit_granule_words: 8192.
 - virtual_space_node_default_size: 8388608.
 - enlarge_chunks_in_place: 1.
 - use_allocation_guard: 0.


Internal statistics:

num_allocs_failed_limit: 6.
num_arena_births: 2876.
num_arena_deaths: 0.
num_vsnodes_births: 2.
num_vsnodes_deaths: 0.
num_space_committed: 1029.
num_space_uncommitted: 0.
num_chunks_returned_to_freelist: 6.
num_chunks_taken_from_freelist: 5421.
num_chunk_merges: 6.
num_chunk_splits: 3536.
num_chunks_enlarged: 2225.
num_inconsistent_stats: 0.

CodeHeap 'non-profiled nmethods': size=120000Kb used=2847Kb max_used=2891Kb free=117152Kb
 bounds [0x000001c5e0420000, 0x000001c5e0700000, 0x000001c5e7950000]
CodeHeap 'profiled nmethods': size=120000Kb used=9900Kb max_used=10208Kb free=110099Kb
 bounds [0x000001c5d8950000, 0x000001c5d9350000, 0x000001c5dfe80000]
CodeHeap 'non-nmethods': size=5760Kb used=2712Kb max_used=2735Kb free=3047Kb
 bounds [0x000001c5dfe80000, 0x000001c5e0140000, 0x000001c5e0420000]
 total_blobs=6105 nmethods=5241 adapters=768
 compilation: enabled
              stopped_count=0, restarted_count=0
 full_count=0

Compilation events (20 events):
Event: 6.682 Thread 0x000001c5edcc13d0 nmethod 6039 0x000001c5d8f12590 code [0x000001c5d8f12740, 0x000001c5d8f12938]
Event: 6.682 Thread 0x000001c5edcc13d0 6041       3       kotlin.text.CharsKt__CharJVMKt::isWhitespace (20 bytes)
Event: 6.682 Thread 0x000001c5edcc13d0 nmethod 6041 0x000001c5d8b14110 code [0x000001c5d8b14320, 0x000001c5d8b148a8]
Event: 6.683 Thread 0x000001c5f42fc8b0 nmethod 6040 0x000001c5e049e090 code [0x000001c5e049e220, 0x000001c5e049e338]
Event: 6.688 Thread 0x000001c5edcc13d0 6042       3       java.util.Collections$UnmodifiableList::get (11 bytes)
Event: 6.688 Thread 0x000001c5edcc13d0 nmethod 6042 0x000001c5d8f04a90 code [0x000001c5d8f04c40, 0x000001c5d8f04e10]
Event: 6.688 Thread 0x000001c5edcc13d0 6043       3       java.util.Collections$UnmodifiableCollection::isEmpty (10 bytes)
Event: 6.688 Thread 0x000001c5edcc13d0 nmethod 6043 0x000001c5d9014790 code [0x000001c5d9014940, 0x000001c5d9014b10]
Event: 6.688 Thread 0x000001c5edcc13d0 6044       3       com.google.common.collect.RegularImmutableMap$Values::get (15 bytes)
Event: 6.689 Thread 0x000001c5edcc13d0 nmethod 6044 0x000001c5d8c87310 code [0x000001c5d8c874c0, 0x000001c5d8c876c0]
Event: 6.689 Thread 0x000001c5edcc13d0 6045       3       kotlin.collections.CollectionsKt___CollectionsKt::first (33 bytes)
Event: 6.689 Thread 0x000001c5f42fc8b0 6046   !   4       java.net.URLClassLoader::findClass (47 bytes)
Event: 6.689 Thread 0x000001c5edcc13d0 nmethod 6045 0x000001c5d90fe490 code [0x000001c5d90fe6e0, 0x000001c5d90feee0]
Event: 6.706 Thread 0x000001c5edcc0c00 nmethod 6038 0x000001c5e062ca90 code [0x000001c5e062cd80, 0x000001c5e062dec8]
Event: 6.706 Thread 0x000001c5edcc0c00 6047       4       java.net.URLClassLoader$1::run (5 bytes)
Event: 6.737 Thread 0x000001c5edcc13d0 6049   !   3       java.util.WeakHashMap::expungeStaleEntries (139 bytes)
Event: 6.738 Thread 0x000001c5edcc13d0 nmethod 6049 0x000001c5d8c27c10 code [0x000001c5d8c27e20, 0x000001c5d8c28648]
Event: 6.748 Thread 0x000001c5edcc13d0 6050       3       java.util.stream.Collectors$$Lambda/0x0000000100133d38::accept (14 bytes)
Event: 6.748 Thread 0x000001c5edcc13d0 nmethod 6050 0x000001c5d8e72490 code [0x000001c5d8e72680, 0x000001c5d8e72c58]
Event: 6.754 Thread 0x000001c5edcc13d0 6051       3       java.lang.Boolean::hashCode (14 bytes)

GC Heap History (20 events):
Event: 3.403 GC heap before
{Heap before GC invocations=6 (full 0):
 garbage-first heap   total 88064K, used 69162K [0x0000000080000000, 0x0000000100000000)
  region size 1024K, 51 young (52224K), 12 survivors (12288K)
 Metaspace       used 34910K, committed 35776K, reserved 1114112K
  class space    used 4682K, committed 5120K, reserved 1048576K
}
Event: 3.408 GC heap after
{Heap after GC invocations=7 (full 0):
 garbage-first heap   total 88064K, used 33209K [0x0000000080000000, 0x0000000100000000)
  region size 1024K, 7 young (7168K), 7 survivors (7168K)
 Metaspace       used 34910K, committed 35776K, reserved 1114112K
  class space    used 4682K, committed 5120K, reserved 1048576K
}
Event: 3.481 GC heap before
{Heap before GC invocations=7 (full 0):
 garbage-first heap   total 88064K, used 42425K [0x0000000080000000, 0x0000000100000000)
  region size 1024K, 12 young (12288K), 7 survivors (7168K)
 Metaspace       used 35162K, committed 36096K, reserved 1114112K
  class space    used 4719K, committed 5184K, reserved 1048576K
}
Event: 3.485 GC heap after
{Heap after GC invocations=8 (full 0):
 garbage-first heap   total 88064K, used 41314K [0x0000000080000000, 0x0000000100000000)
  region size 1024K, 6 young (6144K), 6 survivors (6144K)
 Metaspace       used 35162K, committed 36096K, reserved 1114112K
  class space    used 4719K, committed 5184K, reserved 1048576K
}
Event: 3.803 GC heap before
{Heap before GC invocations=9 (full 0):
 garbage-first heap   total 88064K, used 64866K [0x0000000080000000, 0x0000000100000000)
  region size 1024K, 29 young (29696K), 6 survivors (6144K)
 Metaspace       used 38059K, committed 39040K, reserved 1114112K
  class space    used 5165K, committed 5632K, reserved 1048576K
}
Event: 3.806 GC heap after
{Heap after GC invocations=10 (full 0):
 garbage-first heap   total 88064K, used 44397K [0x0000000080000000, 0x0000000100000000)
  region size 1024K, 4 young (4096K), 4 survivors (4096K)
 Metaspace       used 38059K, committed 39040K, reserved 1114112K
  class space    used 5165K, committed 5632K, reserved 1048576K
}
Event: 4.035 GC heap before
{Heap before GC invocations=10 (full 0):
 garbage-first heap   total 88064K, used 67949K [0x0000000080000000, 0x0000000100000000)
  region size 1024K, 27 young (27648K), 4 survivors (4096K)
 Metaspace       used 40851K, committed 41984K, reserved 1114112K
  class space    used 5635K, committed 6208K, reserved 1048576K
}
Event: 4.038 GC heap after
{Heap after GC invocations=11 (full 0):
 garbage-first heap   total 106496K, used 45520K [0x0000000080000000, 0x0000000100000000)
  region size 1024K, 3 young (3072K), 3 survivors (3072K)
 Metaspace       used 40851K, committed 41984K, reserved 1114112K
  class space    used 5635K, committed 6208K, reserved 1048576K
}
Event: 4.432 GC heap before
{Heap before GC invocations=11 (full 0):
 garbage-first heap   total 106496K, used 79312K [0x0000000080000000, 0x0000000100000000)
  region size 1024K, 37 young (37888K), 3 survivors (3072K)
 Metaspace       used 47874K, committed 49152K, reserved 1114112K
  class space    used 6523K, committed 7168K, reserved 1048576K
}
Event: 4.435 GC heap after
{Heap after GC invocations=12 (full 0):
 garbage-first heap   total 106496K, used 49100K [0x0000000080000000, 0x0000000100000000)
  region size 1024K, 5 young (5120K), 5 survivors (5120K)
 Metaspace       used 47874K, committed 49152K, reserved 1114112K
  class space    used 6523K, committed 7168K, reserved 1048576K
}
Event: 4.654 GC heap before
{Heap before GC invocations=12 (full 0):
 garbage-first heap   total 106496K, used 85964K [0x0000000080000000, 0x0000000100000000)
  region size 1024K, 39 young (39936K), 5 survivors (5120K)
 Metaspace       used 49780K, committed 51072K, reserved 1114112K
  class space    used 6714K, committed 7360K, reserved 1048576K
}
Event: 4.658 GC heap after
{Heap after GC invocations=13 (full 0):
 garbage-first heap   total 106496K, used 54652K [0x0000000080000000, 0x0000000100000000)
  region size 1024K, 4 young (4096K), 4 survivors (4096K)
 Metaspace       used 49780K, committed 51072K, reserved 1114112K
  class space    used 6714K, committed 7360K, reserved 1048576K
}
Event: 5.005 GC heap before
{Heap before GC invocations=14 (full 0):
 garbage-first heap   total 106496K, used 89468K [0x0000000080000000, 0x0000000100000000)
  region size 1024K, 36 young (36864K), 4 survivors (4096K)
 Metaspace       used 54465K, committed 55936K, reserved 1114112K
  class space    used 7355K, committed 8064K, reserved 1048576K
}
Event: 5.009 GC heap after
{Heap after GC invocations=15 (full 0):
 garbage-first heap   total 106496K, used 54425K [0x0000000080000000, 0x0000000100000000)
  region size 1024K, 3 young (3072K), 3 survivors (3072K)
 Metaspace       used 54465K, committed 55936K, reserved 1114112K
  class space    used 7355K, committed 8064K, reserved 1048576K
}
Event: 6.302 GC heap before
{Heap before GC invocations=15 (full 0):
 garbage-first heap   total 106496K, used 103577K [0x0000000080000000, 0x0000000100000000)
  region size 1024K, 37 young (37888K), 3 survivors (3072K)
 Metaspace       used 56906K, committed 58496K, reserved 1114112K
  class space    used 7725K, committed 8512K, reserved 1048576K
}
Event: 6.309 GC heap after
{Heap after GC invocations=16 (full 0):
 garbage-first heap   total 113664K, used 73990K [0x0000000080000000, 0x0000000100000000)
  region size 1024K, 5 young (5120K), 5 survivors (5120K)
 Metaspace       used 56906K, committed 58496K, reserved 1114112K
  class space    used 7725K, committed 8512K, reserved 1048576K
}
Event: 6.332 GC heap before
{Heap before GC invocations=16 (full 0):
 garbage-first heap   total 113664K, used 78086K [0x0000000080000000, 0x0000000100000000)
  region size 1024K, 10 young (10240K), 5 survivors (5120K)
 Metaspace       used 57281K, committed 58816K, reserved 1114112K
  class space    used 7750K, committed 8512K, reserved 1048576K
}
Event: 6.336 GC heap after
{Heap after GC invocations=17 (full 0):
 garbage-first heap   total 113664K, used 75217K [0x0000000080000000, 0x0000000100000000)
  region size 1024K, 2 young (2048K), 2 survivors (2048K)
 Metaspace       used 57281K, committed 58816K, reserved 1114112K
  class space    used 7750K, committed 8512K, reserved 1048576K
}
Event: 6.447 GC heap before
{Heap before GC invocations=18 (full 0):
 garbage-first heap   total 132096K, used 102865K [0x0000000080000000, 0x0000000100000000)
  region size 1024K, 27 young (27648K), 2 survivors (2048K)
 Metaspace       used 59043K, committed 60672K, reserved 1114112K
  class space    used 7895K, committed 8704K, reserved 1048576K
}
Event: 6.449 GC heap after
{Heap after GC invocations=19 (full 0):
 garbage-first heap   total 132096K, used 74919K [0x0000000080000000, 0x0000000100000000)
  region size 1024K, 1 young (1024K), 1 survivors (1024K)
 Metaspace       used 59043K, committed 60672K, reserved 1114112K
  class space    used 7895K, committed 8704K, reserved 1048576K
}

Dll operation events (3 events):
Event: 0.009 Loaded shared library C:\Program Files\Android\Android Studio\jbr\bin\java.dll
Event: 0.016 Loaded shared library C:\Program Files\Android\Android Studio\jbr\bin\zip.dll
Event: 0.572 Loaded shared library C:\Program Files\Android\Android Studio\jbr\bin\verify.dll

Deoptimization events (20 events):
Event: 6.431 Thread 0x000001c5f3a77f40 DEOPT PACKING pc=0x000001c5d907ea5e sp=0x00000022063f7b50
Event: 6.431 Thread 0x000001c5f3a77f40 DEOPT UNPACKING pc=0x000001c5dfed4e42 sp=0x00000022063f7038 mode 0
Event: 6.443 Thread 0x000001c5f3a77f40 DEOPT PACKING pc=0x000001c5d8bc7a5d sp=0x00000022063f7f60
Event: 6.443 Thread 0x000001c5f3a77f40 DEOPT UNPACKING pc=0x000001c5dfed4e42 sp=0x00000022063f73d8 mode 0
Event: 6.460 Thread 0x000001c5f3a77f40 Uncommon trap: trap_request=0xffffffc6 fr.pc=0x000001c5e06469c4 relative=0x0000000000000a04
Event: 6.460 Thread 0x000001c5f3a77f40 Uncommon trap: reason=bimorphic_or_optimized_type_check action=maybe_recompile pc=0x000001c5e06469c4 method=java.io.DataOutputStream.writeLong(J)V @ 20 c2
Event: 6.460 Thread 0x000001c5f3a77f40 DEOPT PACKING pc=0x000001c5e06469c4 sp=0x00000022063f7a60
Event: 6.460 Thread 0x000001c5f3a77f40 DEOPT UNPACKING pc=0x000001c5dfed46a2 sp=0x00000022063f7a38 mode 2
Event: 6.477 Thread 0x000001c5f3a77f40 Uncommon trap: trap_request=0xffffff45 fr.pc=0x000001c5e06db7d4 relative=0x0000000000000774
Event: 6.477 Thread 0x000001c5f3a77f40 Uncommon trap: reason=unstable_if action=reinterpret pc=0x000001c5e06db7d4 method=org.gradle.internal.snapshot.VfsRelativePath.isPrefix(Ljava/lang/String;ILjava/lang/String;ILorg/gradle/internal/snapshot/CaseSensitivity;)Z @ 101 c2
Event: 6.477 Thread 0x000001c5f3a77f40 DEOPT PACKING pc=0x000001c5e06db7d4 sp=0x00000022063f6db0
Event: 6.477 Thread 0x000001c5f3a77f40 DEOPT UNPACKING pc=0x000001c5dfed46a2 sp=0x00000022063f6d38 mode 2
Event: 6.599 Thread 0x000001c5f3a77f40 Uncommon trap: trap_request=0xfffffff4 fr.pc=0x000001c5e056ff30 relative=0x0000000000000190
Event: 6.599 Thread 0x000001c5f3a77f40 Uncommon trap: reason=null_check action=make_not_entrant pc=0x000001c5e056ff30 method=java.lang.reflect.Array.newInstance(Ljava/lang/Class;I)Ljava/lang/Object; @ 2 c2
Event: 6.599 Thread 0x000001c5f3a77f40 DEOPT PACKING pc=0x000001c5e056ff30 sp=0x00000022063f4090
Event: 6.599 Thread 0x000001c5f3a77f40 DEOPT UNPACKING pc=0x000001c5dfed46a2 sp=0x00000022063f4028 mode 2
Event: 6.678 Thread 0x000001c5f3a77f40 Uncommon trap: trap_request=0xffffff45 fr.pc=0x000001c5e049aa3c relative=0x000000000000009c
Event: 6.678 Thread 0x000001c5f3a77f40 Uncommon trap: reason=unstable_if action=reinterpret pc=0x000001c5e049aa3c method=java.lang.CharacterDataLatin1.isWhitespace(I)Z @ 14 c2
Event: 6.678 Thread 0x000001c5f3a77f40 DEOPT PACKING pc=0x000001c5e049aa3c sp=0x00000022063f6800
Event: 6.678 Thread 0x000001c5f3a77f40 DEOPT UNPACKING pc=0x000001c5dfed46a2 sp=0x00000022063f6770 mode 2

Classes loaded (20 events):
Event: 6.276 Loading class sun/reflect/generics/tree/BooleanSignature
Event: 6.276 Loading class sun/reflect/generics/tree/BooleanSignature done
Event: 6.276 Loading class sun/reflect/generics/reflectiveObjects/GenericArrayTypeImpl
Event: 6.276 Loading class sun/reflect/generics/reflectiveObjects/GenericArrayTypeImpl done
Event: 6.278 Loading class jdk/internal/vm/annotation/ForceInline
Event: 6.278 Loading class jdk/internal/vm/annotation/ForceInline done
Event: 6.387 Loading class java/util/BitSet$1BitSetSpliterator
Event: 6.387 Loading class java/util/BitSet$1BitSetSpliterator done
Event: 6.402 Loading class java/util/Collections$SynchronizedRandomAccessList
Event: 6.403 Loading class java/util/Collections$SynchronizedList
Event: 6.403 Loading class java/util/Collections$SynchronizedList done
Event: 6.403 Loading class java/util/Collections$SynchronizedRandomAccessList done
Event: 6.506 Loading class java/util/EmptyStackException
Event: 6.506 Loading class java/util/EmptyStackException done
Event: 6.701 Loading class java/util/concurrent/atomic/AtomicReferenceFieldUpdater
Event: 6.701 Loading class java/util/concurrent/atomic/AtomicReferenceFieldUpdater done
Event: 6.701 Loading class java/util/concurrent/atomic/AtomicReferenceFieldUpdater$AtomicReferenceFieldUpdaterImpl
Event: 6.701 Loading class java/util/concurrent/atomic/AtomicReferenceFieldUpdater$AtomicReferenceFieldUpdaterImpl done
Event: 6.701 Loading class java/util/concurrent/atomic/AtomicReferenceFieldUpdater$AtomicReferenceFieldUpdaterImpl$1
Event: 6.701 Loading class java/util/concurrent/atomic/AtomicReferenceFieldUpdater$AtomicReferenceFieldUpdaterImpl$1 done

Classes unloaded (0 events):
No events

Classes redefined (0 events):
No events

Internal exceptions (20 events):
Event: 6.289 Thread 0x000001c5f3a77f40 Exception <a 'java/lang/ClassNotFoundException'{0x000000008447fb68}: org/gradle/internal/service/ScopedServiceRegistryBeanInfo> (0x000000008447fb68) 
thrown [s\src\hotspot\share\classfile\systemDictionary.cpp, line 312]
Event: 6.289 Thread 0x000001c5f3a77f40 Exception <a 'java/lang/ClassNotFoundException'{0x0000000084494230}: org/gradle/internal/service/DefaultServiceRegistryBeanInfo> (0x0000000084494230) 
thrown [s\src\hotspot\share\classfile\systemDictionary.cpp, line 312]
Event: 6.289 Thread 0x000001c5f3a77f40 Exception <a 'java/lang/ClassNotFoundException'{0x00000000844a8648}: org/gradle/internal/service/DefaultServiceRegistryCustomizer> (0x00000000844a8648) 
thrown [s\src\hotspot\share\classfile\systemDictionary.cpp, line 312]
Event: 6.290 Thread 0x000001c5f3a77f40 Exception <a 'java/lang/ClassNotFoundException'{0x00000000844cb0b8}: org/gradle/internal/service/ScopedServiceRegistryCustomizer> (0x00000000844cb0b8) 
thrown [s\src\hotspot\share\classfile\systemDictionary.cpp, line 312]
Event: 6.293 Thread 0x000001c5f3a77f40 Exception <a 'java/lang/ClassNotFoundException'{0x00000000843156b0}: org/gradle/internal/extensibility/DefaultConventionBeanInfo> (0x00000000843156b0) 
thrown [s\src\hotspot\share\classfile\systemDictionary.cpp, line 312]
Event: 6.293 Thread 0x000001c5f3a77f40 Exception <a 'java/lang/ClassNotFoundException'{0x0000000084329ae0}: org/gradle/internal/extensibility/DefaultConventionCustomizer> (0x0000000084329ae0) 
thrown [s\src\hotspot\share\classfile\systemDictionary.cpp, line 312]
Event: 6.298 Thread 0x000001c5f3a77f40 Exception <a 'java/lang/ClassNotFoundException'{0x00000000843c1840}: com/intellij/gradle/toolingExtension/impl/modelBuilder/ExtraModelBuilderBeanInfo> (0x00000000843c1840) 
thrown [s\src\hotspot\share\classfile\systemDictionary.cpp, line 312]
Event: 6.298 Thread 0x000001c5f3a77f40 Exception <a 'java/lang/ClassNotFoundException'{0x00000000843cd2c0}: com/intellij/gradle/toolingExtension/impl/modelBuilder/ExtraModelBuilderCustomizer> (0x00000000843cd2c0) 
thrown [s\src\hotspot\share\classfile\systemDictionary.cpp, line 312]
Event: 6.390 Thread 0x000001c5f3a77f40 Exception <a 'java/lang/IncompatibleClassChangeError'{0x000000008bed3000}: Found class java.lang.Object, but interface was expected> (0x000000008bed3000) 
thrown [s\src\hotspot\share\interpreter\linkResolver.cpp, line 851]
Event: 6.396 Thread 0x000001c5f3a77f40 Exception <a 'sun/nio/fs/WindowsException'{0x000000008bd1b298}> (0x000000008bd1b298) 
thrown [s\src\hotspot\share\prims\jni.cpp, line 535]
Event: 6.396 Thread 0x000001c5f3a77f40 Exception <a 'sun/nio/fs/WindowsException'{0x000000008bd1ca58}> (0x000000008bd1ca58) 
thrown [s\src\hotspot\share\prims\jni.cpp, line 535]
Event: 6.397 Thread 0x000001c5f3a77f40 Exception <a 'sun/nio/fs/WindowsException'{0x000000008bd1e1d8}> (0x000000008bd1e1d8) 
thrown [s\src\hotspot\share\prims\jni.cpp, line 535]
Event: 6.397 Thread 0x000001c5f3a77f40 Exception <a 'sun/nio/fs/WindowsException'{0x000000008bd1f580}> (0x000000008bd1f580) 
thrown [s\src\hotspot\share\prims\jni.cpp, line 535]
Event: 6.398 Thread 0x000001c5f3a77f40 Exception <a 'java/lang/NoSuchMethodError'{0x000000008bd30440}: 'java.lang.Object java.lang.invoke.Invokers$Holder.invoker(java.lang.Object, java.lang.Object, java.lang.Object, java.lang.Object, java.lang.Object, java.lang.Object)'> (0x000000008bd30440) 
thrown [s\src\hotspot\share\interpreter\linkResolver.cpp, line 784]
Event: 6.408 Thread 0x000001c5f3a77f40 Exception <a 'java/lang/NoSuchMethodError'{0x000000008bc2f398}: 'java.lang.Object java.lang.invoke.Invokers$Holder.invoker(java.lang.Object, java.lang.Object, java.lang.Object, java.lang.Object, java.lang.Object, java.lang.Object, java.lang.Object, java.lang.Object, java.lang.Object, java.lang.Object, java.lang.Object, java.lang.Object, java.lang.Object, java.lang.Object, java.lang.Object, java.lang.Object, java.lang.Object, java.lang.Object, java.lang.Object, java.lang.Object, java.lang.Object, java.lang.
Event: 6.408 Thread 0x000001c5f3a77f40 Exception <a 'java/lang/NoSuchMethodError'{0x000000008bc35f60}: 'java.lang.Object java.lang.invoke.DelegatingMethodHandle$Holder.delegate(java.lang.Object, java.lang.Object, java.lang.Object, java.lang.Object, java.lang.Object, java.lang.Object, java.lang.Object, java.lang.Object, java.lang.Object, java.lang.Object, java.lang.Object, java.lang.Object, java.lang.Object, java.lang.Object, java.lang.Object, java.lang.Object, java.lang.Object, java.lang.Object, java.lang.Object, java.lang.Object, java.lang.Obj
Event: 6.480 Thread 0x000001c5f3a77f40 Exception <a 'java/lang/IncompatibleClassChangeError'{0x000000008bd4f120}: Found class java.lang.Object, but interface was expected> (0x000000008bd4f120) 
thrown [s\src\hotspot\share\interpreter\linkResolver.cpp, line 851]
Event: 6.489 Thread 0x000001c5f3a77f40 Exception <a 'java/lang/NoSuchMethodError'{0x000000008bc0b890}: 'void java.lang.invoke.DirectMethodHandle$Holder.invokeVirtual(java.lang.Object, java.lang.Object)'> (0x000000008bc0b890) 
thrown [s\src\hotspot\share\interpreter\linkResolver.cpp, line 784]
Event: 6.513 Thread 0x000001c5f3a77f40 Exception <a 'java/lang/NoSuchMethodError'{0x000000008bbf62b0}: 'java.lang.Object java.lang.invoke.DirectMethodHandle$Holder.invokeStaticInit(java.lang.Object, int)'> (0x000000008bbf62b0) 
thrown [s\src\hotspot\share\interpreter\linkResolver.cpp, line 784]
Event: 6.599 Thread 0x000001c5f3a77f40 Implicit null exception at 0x000001c5e056fdc1 to 0x000001c5e056ff1c

ZGC Phase Switch (0 events):
No events

VM Operations (20 events):
Event: 5.544 Executing VM operation: ICBufferFull
Event: 5.544 Executing VM operation: ICBufferFull done
Event: 6.286 Executing VM operation: HandshakeAllThreads (Deoptimize)
Event: 6.287 Executing VM operation: HandshakeAllThreads (Deoptimize) done
Event: 6.302 Executing VM operation: G1CollectForAllocation (G1 Evacuation Pause)
Event: 6.309 Executing VM operation: G1CollectForAllocation (G1 Evacuation Pause) done
Event: 6.332 Executing VM operation: G1TryInitiateConcMark (G1 Humongous Allocation)
Event: 6.336 Executing VM operation: G1TryInitiateConcMark (G1 Humongous Allocation) done
Event: 6.352 Executing VM operation: G1PauseRemark
Event: 6.355 Executing VM operation: G1PauseRemark done
Event: 6.364 Executing VM operation: G1PauseCleanup
Event: 6.364 Executing VM operation: G1PauseCleanup done
Event: 6.447 Executing VM operation: G1CollectForAllocation (G1 Evacuation Pause)
Event: 6.449 Executing VM operation: G1CollectForAllocation (G1 Evacuation Pause) done
Event: 6.478 Executing VM operation: HandshakeAllThreads (Deoptimize)
Event: 6.478 Executing VM operation: HandshakeAllThreads (Deoptimize) done
Event: 6.506 Executing VM operation: HandshakeAllThreads (Deoptimize)
Event: 6.506 Executing VM operation: HandshakeAllThreads (Deoptimize) done
Event: 6.512 Executing VM operation: HandshakeAllThreads (Deoptimize)
Event: 6.513 Executing VM operation: HandshakeAllThreads (Deoptimize) done

Memory protections (0 events):
No events

Nmethod flushes (20 events):
Event: 6.354 Thread 0x000001c5edbed020 flushing  nmethod 0x000001c5d8c85b10
Event: 6.354 Thread 0x000001c5edbed020 flushing  nmethod 0x000001c5d8c86510
Event: 6.354 Thread 0x000001c5edbed020 flushing  nmethod 0x000001c5d8c87310
Event: 6.354 Thread 0x000001c5edbed020 flushing  nmethod 0x000001c5d8c87f10
Event: 6.354 Thread 0x000001c5edbed020 flushing  nmethod 0x000001c5d8e14d90
Event: 6.354 Thread 0x000001c5edbed020 flushing  nmethod 0x000001c5d8e1dd10
Event: 6.354 Thread 0x000001c5edbed020 flushing  nmethod 0x000001c5d8e1ee10
Event: 6.354 Thread 0x000001c5edbed020 flushing  nmethod 0x000001c5d8e21f90
Event: 6.354 Thread 0x000001c5edbed020 flushing  nmethod 0x000001c5d8e8ab10
Event: 6.354 Thread 0x000001c5edbed020 flushing  nmethod 0x000001c5d8e8af10
Event: 6.354 Thread 0x000001c5edbed020 flushing  nmethod 0x000001c5d8e90990
Event: 6.354 Thread 0x000001c5edbed020 flushing  nmethod 0x000001c5d8edf810
Event: 6.354 Thread 0x000001c5edbed020 flushing  nmethod 0x000001c5d8f17310
Event: 6.354 Thread 0x000001c5edbed020 flushing  nmethod 0x000001c5d8f19790
Event: 6.354 Thread 0x000001c5edbed020 flushing  nmethod 0x000001c5d8f78c10
Event: 6.354 Thread 0x000001c5edbed020 flushing  nmethod 0x000001c5d8f7d810
Event: 6.354 Thread 0x000001c5edbed020 flushing  nmethod 0x000001c5d8fe4f90
Event: 6.354 Thread 0x000001c5edbed020 flushing  nmethod 0x000001c5d9036710
Event: 6.354 Thread 0x000001c5edbed020 flushing  nmethod 0x000001c5d90b9f90
Event: 6.354 Thread 0x000001c5edbed020 flushing  nmethod 0x000001c5d90f4c10

Events (20 events):
Event: 5.548 Thread 0x000001c5f3a77f40 Thread added: 0x000001c5f59e5ea0
Event: 5.549 Thread 0x000001c5f3a77f40 Thread added: 0x000001c5f59e3dd0
Event: 5.549 Thread 0x000001c5f3a77f40 Thread added: 0x000001c5f8614ed0
Event: 5.549 Thread 0x000001c5f3a77f40 Thread added: 0x000001c5f8615560
Event: 5.549 Thread 0x000001c5f3a77f40 Thread added: 0x000001c5f8612e00
Event: 5.550 Thread 0x000001c5f3a77f40 Thread added: 0x000001c5f8614840
Event: 5.550 Thread 0x000001c5f3a77f40 Thread added: 0x000001c5f8613b20
Event: 5.550 Thread 0x000001c5f3a77f40 Thread added: 0x000001c5f86120e0
Event: 5.569 Thread 0x000001c5f3a77f40 Thread added: 0x000001c5f8613490
Event: 5.569 Thread 0x000001c5f3a77f40 Thread added: 0x000001c5f8615bf0
Event: 5.570 Thread 0x000001c5f3a77f40 Thread added: 0x000001c5f86141b0
Event: 5.570 Thread 0x000001c5f3a77f40 Thread added: 0x000001c5f8612770
Event: 5.570 Thread 0x000001c5f3a77f40 Thread added: 0x000001c5f8617630
Event: 5.571 Thread 0x000001c5f3a77f40 Thread added: 0x000001c5f8618350
Event: 5.571 Thread 0x000001c5f3a77f40 Thread added: 0x000001c5f8617cc0
Event: 5.571 Thread 0x000001c5f3a77f40 Thread added: 0x000001c5f86189e0
Event: 5.572 Thread 0x000001c5f3a77f40 Thread added: 0x000001c5f8619070
Event: 5.577 Thread 0x000001c5edcc13d0 Thread added: 0x000001c5f5925d80
Event: 5.898 Thread 0x000001c5f5925d80 Thread exited: 0x000001c5f5925d80
Event: 6.471 Thread 0x000001c5edcc13d0 Thread added: 0x000001c5f42fc8b0


Dynamic libraries:
0x00007ff7e8c80000 - 0x00007ff7e8c8a000 	C:\Program Files\Android\Android Studio\jbr\bin\java.exe
0x00007ffa0a920000 - 0x00007ffa0ab88000 	C:\WINDOWS\SYSTEM32\ntdll.dll
0x00007ffa09ff0000 - 0x00007ffa0a0b9000 	C:\WINDOWS\System32\KERNEL32.DLL
0x00007ffa07ab0000 - 0x00007ffa07ea2000 	C:\WINDOWS\System32\KERNELBASE.dll
0x00007ffa08180000 - 0x00007ffa082cb000 	C:\WINDOWS\System32\ucrtbase.dll
0x00007ff9fd040000 - 0x00007ff9fd058000 	C:\Program Files\Android\Android Studio\jbr\bin\jli.dll
0x00007ff9fd150000 - 0x00007ff9fd16b000 	C:\Program Files\Android\Android Studio\jbr\bin\VCRUNTIME140.dll
0x00007ffa08be0000 - 0x00007ffa08da5000 	C:\WINDOWS\System32\USER32.dll
0x00007ff9f5050000 - 0x00007ff9f52e3000 	C:\WINDOWS\WinSxS\amd64_microsoft.windows.common-controls_6595b64144ccf1df_6.0.26100.6899_none_3e0efeeae32e88c1\COMCTL32.dll
0x00007ffa08000000 - 0x00007ffa08027000 	C:\WINDOWS\System32\win32u.dll
0x00007ffa08f50000 - 0x00007ffa08ff9000 	C:\WINDOWS\System32\msvcrt.dll
0x00007ffa0a5c0000 - 0x00007ffa0a5eb000 	C:\WINDOWS\System32\GDI32.dll
0x00007ffa08440000 - 0x00007ffa0856d000 	C:\WINDOWS\System32\gdi32full.dll
0x00007ffa08030000 - 0x00007ffa080d3000 	C:\WINDOWS\System32\msvcp_win.dll
0x00007ffa099f0000 - 0x00007ffa09a1f000 	C:\WINDOWS\System32\IMM32.DLL
0x00007ff9efb90000 - 0x00007ff9efc82000 	C:\Program Files\Windhawk\Engine\1.6.1\64\windhawk.dll
0x00007ffa09a30000 - 0x00007ffa09ae4000 	C:\WINDOWS\System32\ADVAPI32.dll
0x00007ffa087f0000 - 0x00007ffa08896000 	C:\WINDOWS\System32\sechost.dll
0x00007ffa0a0c0000 - 0x00007ffa0a1d8000 	C:\WINDOWS\System32\RPCRT4.dll
0x00007ffa02b10000 - 0x00007ffa02b1c000 	C:\Program Files\Android\Android Studio\jbr\bin\vcruntime140_1.dll
0x00007ff9e7e20000 - 0x00007ff9e7ead000 	C:\Program Files\Android\Android Studio\jbr\bin\msvcp140.dll
0x00007ff9c1aa0000 - 0x00007ff9c272b000 	C:\Program Files\Android\Android Studio\jbr\bin\server\jvm.dll
0x00007ffa0a860000 - 0x00007ffa0a8d4000 	C:\WINDOWS\System32\WS2_32.dll
0x00007ffa07930000 - 0x00007ffa0798e000 	C:\WINDOWS\SYSTEM32\POWRPROF.dll
0x00007ff9fb130000 - 0x00007ff9fb13b000 	C:\WINDOWS\SYSTEM32\VERSION.dll
0x00007ff9fd440000 - 0x00007ff9fd475000 	C:\WINDOWS\SYSTEM32\WINMM.dll
0x00007ffa078f0000 - 0x00007ffa07904000 	C:\WINDOWS\SYSTEM32\UMPDC.dll
0x00007ffa06880000 - 0x00007ffa0689b000 	C:\WINDOWS\SYSTEM32\kernel.appcore.dll
0x00007ff9fb0f0000 - 0x00007ff9fb0fa000 	C:\Program Files\Android\Android Studio\jbr\bin\jimage.dll
0x00007ff9fb390000 - 0x00007ff9fb5d2000 	C:\WINDOWS\SYSTEM32\DBGHELP.DLL
0x00007ffa0a1e0000 - 0x00007ffa0a55b000 	C:\WINDOWS\System32\combase.dll
0x00007ffa09910000 - 0x00007ffa099e7000 	C:\WINDOWS\System32\OLEAUT32.dll
0x00007ff9f48f0000 - 0x00007ff9f492c000 	C:\WINDOWS\SYSTEM32\dbgcore.DLL
0x00007ffa080e0000 - 0x00007ffa08178000 	C:\WINDOWS\System32\bcryptPrimitives.dll
0x00007ff9f78c0000 - 0x00007ff9f78ce000 	C:\Program Files\Android\Android Studio\jbr\bin\instrument.dll
0x00007ff9fa770000 - 0x00007ff9fa790000 	C:\Program Files\Android\Android Studio\jbr\bin\java.dll
0x00007ff9fa670000 - 0x00007ff9fa688000 	C:\Program Files\Android\Android Studio\jbr\bin\zip.dll
0x00007ffa091c0000 - 0x00007ffa0990d000 	C:\WINDOWS\System32\SHELL32.dll
0x00007ffa082d0000 - 0x00007ffa0843b000 	C:\WINDOWS\System32\wintypes.dll
0x00007ffa05740000 - 0x00007ffa05f9d000 	C:\WINDOWS\SYSTEM32\windows.storage.dll
0x00007ffa09080000 - 0x00007ffa09172000 	C:\WINDOWS\System32\SHCORE.dll
0x00007ffa09f80000 - 0x00007ffa09fe2000 	C:\WINDOWS\System32\shlwapi.dll
0x00007ffa079d0000 - 0x00007ffa079f9000 	C:\WINDOWS\SYSTEM32\profapi.dll
0x00007ff9fb0e0000 - 0x00007ff9fb0f0000 	C:\Program Files\Android\Android Studio\jbr\bin\net.dll
0x00007ffa00e70000 - 0x00007ffa00f8f000 	C:\WINDOWS\SYSTEM32\WINHTTP.dll
0x00007ffa06df0000 - 0x00007ffa06e5b000 	C:\WINDOWS\system32\mswsock.dll
0x00007ff9fa0a0000 - 0x00007ff9fa0b6000 	C:\Program Files\Android\Android Studio\jbr\bin\nio.dll
0x00007ff9f5b60000 - 0x00007ff9f5b70000 	C:\Program Files\Android\Android Studio\jbr\bin\verify.dll
0x00007ff9f0bb0000 - 0x00007ff9f0bd7000 	C:\Users\Fathan\.gradle\native\c067742578af261105cb4f569cf0c3c89f3d7b1fecec35dd04571415982c5e48\windows-amd64\native-platform.dll
0x00007ff9c9f90000 - 0x00007ff9ca0d4000 	C:\Users\Fathan\.gradle\native\100fb08df4bc3b14c8652ba06237920a3bd2aa13389f12d3474272988ae205f9\windows-amd64\native-platform-file-events.dll
0x00007ff9f7ee0000 - 0x00007ff9f7ee9000 	C:\Program Files\Android\Android Studio\jbr\bin\management.dll
0x00007ff9f7e40000 - 0x00007ff9f7e4b000 	C:\Program Files\Android\Android Studio\jbr\bin\management_ext.dll
0x00007ffa091b0000 - 0x00007ffa091b8000 	C:\WINDOWS\System32\PSAPI.DLL
0x00007ffa070b0000 - 0x00007ffa070cb000 	C:\WINDOWS\SYSTEM32\CRYPTSP.dll
0x00007ffa067e0000 - 0x00007ffa0681b000 	C:\WINDOWS\system32\rsaenh.dll
0x00007ffa06e90000 - 0x00007ffa06ebb000 	C:\WINDOWS\SYSTEM32\USERENV.dll
0x00007ffa079a0000 - 0x00007ffa079c6000 	C:\WINDOWS\SYSTEM32\bcrypt.dll
0x00007ffa070a0000 - 0x00007ffa070ac000 	C:\WINDOWS\SYSTEM32\CRYPTBASE.dll
0x00007ffa062a0000 - 0x00007ffa062d4000 	C:\WINDOWS\SYSTEM32\IPHLPAPI.DLL
0x00007ffa0a850000 - 0x00007ffa0a85a000 	C:\WINDOWS\System32\NSI.dll
0x00007ff9fa070000 - 0x00007ff9fa079000 	C:\Program Files\Android\Android Studio\jbr\bin\extnet.dll
0x00007ff9e5bb0000 - 0x00007ff9e5bb8000 	C:\WINDOWS\system32\wshunix.dll

dbghelp: loaded successfully - version: 4.0.5 - missing functions: none
symbol engine: initialized successfully - sym options: 0x614 - pdb path: .;C:\Program Files\Android\Android Studio\jbr\bin;C:\WINDOWS\SYSTEM32;C:\WINDOWS\WinSxS\amd64_microsoft.windows.common-controls_6595b64144ccf1df_6.0.26100.6899_none_3e0efeeae32e88c1;C:\Program Files\Windhawk\Engine\1.6.1\64;C:\Program Files\Android\Android Studio\jbr\bin\server;C:\Users\Fathan\.gradle\native\c067742578af261105cb4f569cf0c3c89f3d7b1fecec35dd04571415982c5e48\windows-amd64;C:\Users\Fathan\.gradle\native\100fb08df4bc3b14c8652ba06237920a3bd2aa13389f12d3474272988ae205f9\windows-amd64

VM Arguments:
jvm_args: --add-opens=java.base/java.lang=ALL-UNNAMED --add-opens=java.base/java.lang.invoke=ALL-UNNAMED --add-opens=java.base/java.util=ALL-UNNAMED --add-opens=java.prefs/java.util.prefs=ALL-UNNAMED --add-exports=jdk.compiler/com.sun.tools.javac.api=ALL-UNNAMED --add-exports=jdk.compiler/com.sun.tools.javac.util=ALL-UNNAMED --add-opens=java.base/java.util=ALL-UNNAMED --add-opens=java.prefs/java.util.prefs=ALL-UNNAMED --add-opens=java.base/java.nio.charset=ALL-UNNAMED --add-opens=java.base/java.net=ALL-UNNAMED --add-opens=java.base/java.util.concurrent.atomic=ALL-UNNAMED --add-opens=java.xml/javax.xml.namespace=ALL-UNNAMED -Xmx2048m -Dfile.encoding=UTF-8 -Duser.country=ID -Duser.language=id -Duser.variant -javaagent:C:\Users\Fathan\.gradle\wrapper\dists\gradle-8.11.1-bin\bpt9gzteqjrbo1mjrsomdt32c\gradle-8.11.1\lib\agents\gradle-instrumentation-agent-8.11.1.jar 
java_command: org.gradle.launcher.daemon.bootstrap.GradleDaemon 8.11.1
java_class_path (initial): C:\Users\Fathan\.gradle\wrapper\dists\gradle-8.11.1-bin\bpt9gzteqjrbo1mjrsomdt32c\gradle-8.11.1\lib\gradle-daemon-main-8.11.1.jar
Launcher Type: SUN_STANDARD

[Global flags]
     intx CICompilerCount                          = 4                                         {product} {ergonomic}
     uint ConcGCThreads                            = 3                                         {product} {ergonomic}
     uint G1ConcRefinementThreads                  = 10                                        {product} {ergonomic}
   size_t G1HeapRegionSize                         = 1048576                                   {product} {ergonomic}
    uintx GCDrainStackTargetSize                   = 64                                        {product} {ergonomic}
   size_t InitialHeapSize                          = 230686720                                 {product} {ergonomic}
   size_t MarkStackSize                            = 4194304                                   {product} {ergonomic}
   size_t MaxHeapSize                              = 2147483648                                {product} {command line}
   size_t MaxNewSize                               = 1287651328                                {product} {ergonomic}
   size_t MinHeapDeltaBytes                        = 1048576                                   {product} {ergonomic}
   size_t MinHeapSize                              = 8388608                                   {product} {ergonomic}
    uintx NonNMethodCodeHeapSize                   = 5839372                                {pd product} {ergonomic}
    uintx NonProfiledCodeHeapSize                  = 122909434                              {pd product} {ergonomic}
    uintx ProfiledCodeHeapSize                     = 122909434                              {pd product} {ergonomic}
    uintx ReservedCodeCacheSize                    = 251658240                              {pd product} {ergonomic}
     bool SegmentedCodeCache                       = true                                      {product} {ergonomic}
   size_t SoftMaxHeapSize                          = 2147483648                             {manageable} {ergonomic}
     bool UseCompressedOops                        = true                           {product lp64_product} {ergonomic}
     bool UseG1GC                                  = true                                      {product} {ergonomic}
     bool UseLargePagesIndividualAllocation        = false                                  {pd product} {ergonomic}

Logging:
Log output configuration:
 #0: stdout all=warning uptime,level,tags foldmultilines=false
 #1: stderr all=off uptime,level,tags foldmultilines=false

Environment Variables:
PATH=C:\Program Files (x86)\Common Files\Oracle\Java\javapath;C:\Program Files (x86)\NVIDIA Corporation\PhysX\Common;C:\WINDOWS\system32;C:\WINDOWS;C:\WINDOWS\System32\Wbem;C:\WINDOWS\System32\WindowsPowerShell\v1.0\;C:\WINDOWS\System32\OpenSSH\;C:\Program Files\dotnet\;C:\Program Files\Microsoft VS Code\bin;C:\Program Files\Git\cmd;C:\Program Files (x86)\Windows Kits\10\Windows Performance Toolkit\;C:\Users\Fathan\AppData\Local\Programs\Python\Python313\Scripts\;C:\Users\Fathan\AppData\Local\Programs\Python\Python313\;C:\Users\Fathan\AppData\Local\Programs\Python\Launcher\;C:\Users\Fathan\AppData\Local\Microsoft\WindowsApps;C:\Users\Fathan\AppData\Local\spicetify;C:\Users\Fathan\Documents\Belajar Coding\Flutter\flutter_windows_3.32.6-stable\flutter\bin;C:\flutter\bin;C:\Users\Fathan\AppData\Local\Android\Sdk;C:\Users\Fathan\AppData\Local\Android\Sdk\platform-tools;C:\Users\Fathan\AppData\Local\Microsoft\WinGet\Packages\Fastfetch-cli.Fastfetch_Microsoft.Winget.Source_8wekyb3d8bbwe;
USERNAME=Fathan
OS=Windows_NT
PROCESSOR_IDENTIFIER=AMD64 Family 25 Model 68 Stepping 1, AuthenticAMD
TMP=C:\Users\Fathan\AppData\Local\Temp
TEMP=C:\Users\Fathan\AppData\Local\Temp




Periodic native trim disabled

JNI global refs:
JNI global refs: 26, weak refs: 0

JNI global refs memory usage: 835, weak refs: 833

Process memory usage:
Resident Set Size: 335680K (2% of 14413384K total physical memory with 764956K free physical memory)

OOME stack traces (most recent first):
Classloader memory used:
Loader org.gradle.internal.classloader.VisitableURLClassLoader                         : 33201K
Loader bootstrap                                                                       : 22396K
Loader org.gradle.initialization.MixInLegacyTypesClassLoader                           : 6435K
Loader org.gradle.internal.classloader.VisitableURLClassLoader                         : 724K
Loader org.gradle.internal.classloader.VisitableURLClassLoader$InstrumentingVisitableURLClassLoader: 563K
Loader jdk.internal.loader.ClassLoaders$PlatformClassLoader                            : 526K
Loader jdk.internal.loader.ClassLoaders$AppClassLoader                                 : 234K
Loader jdk.internal.reflect.DelegatingClassLoader                                      : 160K
Loader org.gradle.groovy.scripts.internal.DefaultScriptCompilationHandler$ScriptClassLoader: 90648B
Loader org.codehaus.groovy.runtime.callsite.CallSiteClassLoader                        : 48680B

Classes loaded by more than one classloader:
Class org.gradle.api.GradleException                                                  : loaded 3 times (x 78B)
Class org.gradle.internal.classloader.FilteringClassLoader                            : loaded 2 times (x 101B)
Class org.gradle.internal.classloader.ClassLoaderHierarchy                            : loaded 2 times (x 66B)
Class org.gradle.api.internal.classpath.ManifestUtil                                  : loaded 2 times (x 67B)
Class org.gradle.internal.operations.MultipleBuildOperationFailures                   : loaded 2 times (x 91B)
Class org.gradle.internal.classloader.DefaultClassLoaderFactory                       : loaded 2 times (x 78B)
Class kotlin.collections.AbstractList$Companion                                       : loaded 2 times (x 67B)
Class org.gradle.internal.classloader.ClassLoaderVisitor                              : loaded 2 times (x 72B)
Class org.gradle.api.internal.classpath.EffectiveClassPath                            : loaded 2 times (x 86B)
Class org.gradle.api.internal.DefaultClassPathProvider                                : loaded 2 times (x 72B)
Class [Lorg.gradle.api.internal.ClassPathProvider;                                    : loaded 2 times (x 65B)
Class org.gradle.api.internal.ClassPathProvider                                       : loaded 2 times (x 66B)
Class org.gradle.internal.service.UnknownServiceException                             : loaded 2 times (x 79B)
Class ijInit1_n7u6m06skedizwolqiza4e7w                                                : loaded 2 times (x 175B)
Class org.gradle.internal.classpath.TransformedClassPath                              : loaded 2 times (x 92B)
Class org.gradle.internal.classloader.InstrumentingClassLoader                        : loaded 2 times (x 66B)
Class kotlin.enums.EnumEntriesList                                                    : loaded 2 times (x 219B)
Class org.gradle.internal.service.ServiceLocator                                      : loaded 2 times (x 66B)
Class org.gradle.internal.InternalTransformer                                         : loaded 2 times (x 66B)
Class org.gradle.internal.time.DefaultTimer                                           : loaded 2 times (x 76B)
Class org.gradle.internal.classloader.ClasspathUtil$1                                 : loaded 2 times (x 72B)
Class org.gradle.api.internal.classpath.DefaultModuleRegistry$DefaultModule           : loaded 2 times (x 82B)
Class org.gradle.internal.time.DefaultCountdownTimer                                  : loaded 2 times (x 84B)
Class kotlin.Function                                                                 : loaded 2 times (x 66B)
Class org.gradle.api.internal.classpath.Module                                        : loaded 2 times (x 66B)
Class org.gradle.api.internal.classpath.UnknownModuleException                        : loaded 2 times (x 78B)
Class org.gradle.api.internal.DefaultClassPathRegistry                                : loaded 2 times (x 72B)
Class org.gradle.api.internal.ClassPathRegistry                                       : loaded 2 times (x 66B)
Class org.gradle.internal.classpath.DefaultClassPath$ImmutableUniqueList              : loaded 2 times (x 195B)
Class org.gradle.internal.classpath.ClassPath                                         : loaded 2 times (x 66B)
Class org.gradle.api.UncheckedIOException                                             : loaded 2 times (x 78B)
Class kotlin.UninitializedPropertyAccessException                                     : loaded 2 times (x 78B)
Class org.gradle.internal.installation.GradleInstallation$1                           : loaded 2 times (x 71B)
Class org.gradle.api.internal.classpath.ModuleRegistry                                : loaded 2 times (x 66B)
Class org.gradle.api.internal.classpath.DefaultModuleRegistry                         : loaded 2 times (x 82B)
Class org.gradle.internal.time.MonotonicClock                                         : loaded 2 times (x 73B)
Class org.gradle.internal.service.ServiceLookupException                              : loaded 2 times (x 78B)
Class org.gradle.internal.classloader.ClassLoaderFactory                              : loaded 2 times (x 66B)
Class org.gradle.internal.service.CachingServiceLocator                               : loaded 2 times (x 78B)
Class org.gradle.internal.time.TimeSource                                             : loaded 2 times (x 66B)
Class kotlin.enums.EnumEntries                                                        : loaded 2 times (x 66B)
Class org.gradle.internal.exceptions.ResolutionProvider                               : loaded 2 times (x 66B)
Class sync_studio_tooling2_cuh0ksckktjj5tjtr0ct31o8t                                  : loaded 2 times (x 175B)
Class org.gradle.internal.classloader.ClasspathUtil                                   : loaded 2 times (x 67B)
Class org.gradle.internal.time.TimeSource$1                                           : loaded 2 times (x 73B)
Class kotlin.jvm.internal.DefaultConstructorMarker                                    : loaded 2 times (x 67B)
Class org.gradle.api.specs.Spec                                                       : loaded 2 times (x 66B)
Class org.gradle.internal.time.Clock                                                  : loaded 2 times (x 66B)
Class kotlin.collections.AbstractList                                                 : loaded 2 times (x 193B)
Class kotlin.collections.AbstractCollection                                           : loaded 2 times (x 113B)
Class org.gradle.internal.classloader.VisitableURLClassLoader$InstrumentingVisitableURLClassLoader: loaded 2 times (x 119B)
Class org.gradle.internal.classloader.VisitableURLClassLoader$Spec                    : loaded 2 times (x 70B)
Class org.gradle.internal.classpath.DefaultClassPath                                  : loaded 2 times (x 86B)
Class org.gradle.internal.classloader.ClassLoaderSpec                                 : loaded 2 times (x 67B)
Class kotlin.Unit                                                                     : loaded 2 times (x 67B)
Class org.gradle.internal.classloader.VisitableURLClassLoader                         : loaded 2 times (x 113B)
Class org.gradle.internal.Cast                                                        : loaded 2 times (x 67B)
Class org.gradle.api.Action                                                           : loaded 2 times (x 66B)
Class kotlin.jvm.functions.Function1                                                  : loaded 2 times (x 66B)
Class org.gradle.internal.classpath.DefaultClassPath$ImmutableUniqueList$Builder      : loaded 2 times (x 71B)
Class kotlin.NotImplementedError                                                      : loaded 2 times (x 78B)
Class org.gradle.internal.exceptions.NonGradleCauseExceptionsHolder                   : loaded 2 times (x 66B)
Class org.jetbrains.plugins.gradle.tooling.ModelBuilderService$Parameter              : loaded 2 times (x 66B)
Class kotlin.enums.EnumEntriesKt                                                      : loaded 2 times (x 67B)
Class org.gradle.internal.IoActions                                                   : loaded 2 times (x 67B)
Class org.gradle.internal.classloader.SystemClassLoaderSpec                           : loaded 2 times (x 67B)
Class org.gradle.internal.exceptions.MultiCauseException                              : loaded 2 times (x 66B)
Class org.gradle.internal.time.CountdownTimer                                         : loaded 2 times (x 66B)
Class kotlin.jvm.internal.Intrinsics                                                  : loaded 2 times (x 67B)
Class org.gradle.tooling.model.ProjectModel                                           : loaded 2 times (x 66B)
Class kotlin.KotlinNullPointerException                                               : loaded 2 times (x 79B)
Class org.gradle.internal.exceptions.DefaultMultiCauseException                       : loaded 2 times (x 91B)
Class org.gradle.internal.time.Time                                                   : loaded 2 times (x 67B)
Class org.gradle.api.internal.classpath.GlobalCacheRootsProvider                      : loaded 2 times (x 66B)
Class org.gradle.internal.time.Timer                                                  : loaded 2 times (x 66B)
Class kotlin.jvm.internal.markers.KMappedMarker                                       : loaded 2 times (x 66B)
Class org.gradle.internal.installation.CurrentGradleInstallationLocator               : loaded 2 times (x 67B)
Class org.gradle.internal.service.DefaultServiceLocator                               : loaded 2 times (x 79B)
Class org.gradle.util.GradleVersion                                                   : loaded 2 times (x 79B)
Class org.gradle.internal.installation.CurrentGradleInstallation                      : loaded 2 times (x 69B)
Class org.gradle.util.internal.GUtil                                                  : loaded 2 times (x 67B)
Class org.gradle.internal.installation.GradleInstallation                             : loaded 2 times (x 71B)

---------------  S Y S T E M  ---------------

OS:
 Windows 11 , 64 bit Build 26100 (10.0.26100.6725)
OS uptime: 1 days 6:18 hours

CPU: total 12 (initial active 12) (12 cores per cpu, 2 threads per core) family 25 model 68 stepping 1 microcode 0xa40410a, cx8, cmov, fxsr, ht, mmx, 3dnowpref, sse, sse2, sse3, ssse3, sse4a, sse4.1, sse4.2, popcnt, lzcnt, tsc, tscinvbit, avx, avx2, aes, erms, clmul, bmi1, bmi2, adx, sha, fma, vzeroupper, clflush, clflushopt, rdtscp, rdpid, fsrm, f16c, pku, cet_ss
Processor Information for processor 0
  Max Mhz: 3301, Current Mhz: 3301, Mhz Limit: 3301
Processor Information for processor 1
  Max Mhz: 3301, Current Mhz: 2496, Mhz Limit: 3301
Processor Information for processor 2
  Max Mhz: 3301, Current Mhz: 2496, Mhz Limit: 3301
Processor Information for processor 3
  Max Mhz: 3301, Current Mhz: 2496, Mhz Limit: 3301
Processor Information for processor 4
  Max Mhz: 3301, Current Mhz: 2496, Mhz Limit: 3301
Processor Information for processor 5
  Max Mhz: 3301, Current Mhz: 2496, Mhz Limit: 3301
Processor Information for processor 6
  Max Mhz: 3301, Current Mhz: 2496, Mhz Limit: 3301
Processor Information for processor 7
  Max Mhz: 3301, Current Mhz: 3301, Mhz Limit: 3301
Processor Information for processor 8
  Max Mhz: 3301, Current Mhz: 2496, Mhz Limit: 3301
Processor Information for processor 9
  Max Mhz: 3301, Current Mhz: 2496, Mhz Limit: 3301
Processor Information for processor 10
  Max Mhz: 3301, Current Mhz: 2496, Mhz Limit: 3301
Processor Information for processor 11
  Max Mhz: 3301, Current Mhz: 2496, Mhz Limit: 3301

Memory: 4k page, system-wide physical 14075M (747M free)
TotalPageFile size 20255M (AvailPageFile size 5M)
current process WorkingSet (physical memory assigned to process): 329M, peak: 329M
current process commit charge ("private bytes"): 368M, peak: 368M

vm_info: OpenJDK 64-Bit Server VM (21.0.6+-13368085-b895.109) for windows-amd64 JRE (21.0.6+-13368085-b895.109), built on 2025-04-16T17:01:31Z by "builder" with MS VC++ 16.10 / 16.11 (VS2019)

END.
